<?xml version="1.0" encoding="UTF-8"?>
<testsuites name="Sample test execuition for Two Web Application" time="14.317" tests="2" passed="2" failures="0" errors="0" incompleted="0" skipped="0">
   <testsuite name="Sample test execuition for Two Web Application" tests="2" passed="2" failures="0" errors="0" incompleted="0" skipped="0" time="14.317" timestamp="2026-05-12T09:23:09.881Z" hostname="mohit - 192.168.29.170" id="Test Suites/HybridTestSuite/Sample test execuition for Two Web Application" status="PASSED">
      <properties>
[...]
</properties>
      <testcase name="Test Cases/HealthCare/TC002_CureHealthCare - First Web Application" time="7.476" classname="Test Cases/HealthCare/TC002_CureHealthCare - First Web Application" status="PASSED">
         <system-out><![CDATA[12-05-2026T14:53:09 - [TEST_CASE][PASSED] - Test Cases/HealthCare/TC002_CureHealthCare - First Web Application: Test Cases/HealthCare/TC002_CureHealthCare - First Web Application

12-05-2026T14:53:10 - [TEST_STEP][PASSED] - openBrowser(""): Browser is opened with url: ''

12-05-2026T14:53:10 - [MESSAGE][INFO] - Starting 'Chrome' driver

12-05-2026T14:53:10 - [MESSAGE][INFO] - User set preference: ['args', '[--disable-features=SafeBrowsing,PasswordLeakToggleMove, --disable-notifications]']

12-05-2026T14:53:10 - [MESSAGE][INFO] - User set preference: ['prefs', '{credentials_enable_service=false, profile.password_manager_enabled=false, profile.password_manager_leak_detection=false}']

12-05-2026T14:53:10 - [MESSAGE][INFO] - Action delay is set to 0 milliseconds

12-05-2026T14:53:12 - [MESSAGE][PASSED] - Browser is opened with url: ''

12-05-2026T14:53:12 - [TEST_STEP][PASSED] - maximizeWindow(): Current window maximized

12-05-2026T14:53:12 - [MESSAGE][PASSED] - Current window maximized

12-05-2026T14:53:12 - [TEST_STEP][PASSED] - navigateToUrl("https://katalon-demo-cura.herokuapp.com/"): Navigate to 'https://katalon-demo-cura.herokuapp.com/' successfully

12-05-2026T14:53:15 - [MESSAGE][PASSED] - Navigate to 'https://katalon-demo-cura.herokuapp.com/' successfully

12-05-2026T14:53:15 - [TEST_STEP][PASSED] - click(findTestObject("CureHealthCare/Page_CURA Healthcare Service/h3_We Care About Your Health")): Object: 'Object Repository/CureHealthCare/Page_CURA Healthcare Service/h3_We Care About Your Health' is clicked on

12-05-2026T14:53:15 - [MESSAGE][PASSED] - Object: 'Object Repository/CureHealthCare/Page_CURA Healthcare Service/h3_We Care About Your Health' is clicked on

12-05-2026T14:53:15 - [TEST_STEP][PASSED] - verifyElementText(findTestObject("CureHealthCare/Page_CURA Healthcare Service/h3_We Care About Your Health"), "We Care About Your Health"): Actual text and expected text of test object 'Object Repository/CureHealthCare/Page_CURA Healthcare Service/h3_We Care About Your Health' are matched.

12-05-2026T14:53:16 - [MESSAGE][PASSED] - Actual text and expected text of test object 'Object Repository/CureHealthCare/Page_CURA Healthcare Service/h3_We Care About Your Health' are matched.

12-05-2026T14:53:16 - [TEST_STEP][PASSED] - click(findTestObject("CureHealthCare/Page_CURA Healthcare Service/a_btn-make-appointment")): Object: 'Object Repository/CureHealthCare/Page_CURA Healthcare Service/a_btn-make-appointment' is clicked on

12-05-2026T14:53:16 - [MESSAGE][PASSED] - Object: 'Object Repository/CureHealthCare/Page_CURA Healthcare Service/a_btn-make-appointment' is clicked on

12-05-2026T14:53:16 - [TEST_STEP][PASSED] - strUsername = getAttribute(findTestObject("CureHealthCare/Page_CURA Healthcare Service/input_Username"), "value"): Attribute 'value' of object 'Object Repository/CureHealthCare/Page_CURA Healthcare Service/input_Username' is: 'John Doe'

12-05-2026T14:53:17 - [MESSAGE][PASSED] - Attribute 'value' of object 'Object Repository/CureHealthCare/Page_CURA Healthcare Service/input_Username' is: 'John Doe'

12-05-2026T14:53:17 - [TEST_STEP][PASSED] - G_CureUsername = strUsername: null

12-05-2026T14:53:17 - [TEST_STEP][PASSED] - comment(strUsername): John Doe

12-05-2026T14:53:17 - [MESSAGE][INFO] - John Doe

12-05-2026T14:53:17 - [TEST_STEP][PASSED] - strPassword = getAttribute(findTestObject("CureHealthCare/Page_CURA Healthcare Service/input_Password"), "value"): Attribute 'value' of object 'Object Repository/CureHealthCare/Page_CURA Healthcare Service/input_Password' is: 'ThisIsNotAPassword'

12-05-2026T14:53:17 - [MESSAGE][PASSED] - Attribute 'value' of object 'Object Repository/CureHealthCare/Page_CURA Healthcare Service/input_Password' is: 'ThisIsNotAPassword'

12-05-2026T14:53:17 - [TEST_STEP][PASSED] - G_CurePassword = strPassword: null

12-05-2026T14:53:17 - [TEST_STEP][PASSED] - comment(strPassword): ThisIsNotAPassword

12-05-2026T14:53:17 - [MESSAGE][INFO] - ThisIsNotAPassword

12-05-2026T14:53:17 - [TEST_STEP][PASSED] - closeBrowser(): Browser is closed

12-05-2026T14:53:17 - [MESSAGE][PASSED] - Browser is closed]]></system-out>
         <system-err><![CDATA[]]></system-err>
      </testcase>
      <testcase name="Test Cases/OrangeHRM/TC003-Orange HRM Search - Second Web Application" time="6.798" classname="Test Cases/OrangeHRM/TC003-Orange HRM Search - Second Web Application" status="PASSED">
         <properties>
            <property name="data_binding"><![CDATA[{"(Default) Appli...":"https://orange.katalon.com/web/index.php/auth/login","(Default) Login...":"********"}]]></property>
         </properties>
         <system-out><![CDATA[12-05-2026T14:53:17 - [TEST_CASE][PASSED] - Test Cases/OrangeHRM/TC003-Orange HRM Search - Second Web Application: Test Cases/OrangeHRM/TC003-Orange HRM Search - Second Web Application

12-05-2026T14:53:17 - [TEST_STEP][PASSED] - openBrowser(""): Browser is opened with url: ''

12-05-2026T14:53:17 - [MESSAGE][INFO] - Starting 'Chrome' driver

12-05-2026T14:53:17 - [MESSAGE][INFO] - User set preference: ['args', '[--disable-features=SafeBrowsing,PasswordLeakToggleMove, --disable-notifications]']

12-05-2026T14:53:17 - [MESSAGE][INFO] - User set preference: ['prefs', '{credentials_enable_service=false, profile.password_manager_enabled=false, profile.password_manager_leak_detection=false}']

12-05-2026T14:53:17 - [MESSAGE][INFO] - Action delay is set to 0 milliseconds

12-05-2026T14:53:18 - [MESSAGE][PASSED] - Browser is opened with url: ''

12-05-2026T14:53:18 - [TEST_STEP][PASSED] - maximizeWindow(STOP_ON_FAILURE): Current window maximized

12-05-2026T14:53:18 - [MESSAGE][PASSED] - Current window maximized

12-05-2026T14:53:18 - [TEST_STEP][PASSED] - navigateToUrl("https://orange.katalon.com/web/index.php/auth/login"): Navigate to 'https://orange.katalon.com/web/index.php/auth/login' successfully

12-05-2026T14:53:21 - [MESSAGE][PASSED] - Navigate to 'https://orange.katalon.com/web/index.php/auth/login' successfully

12-05-2026T14:53:21 - [TEST_STEP][PASSED] - setText(findTestObject("OrangeHRM/Page_OrangeHRM/input_Username"), G_CureUsername): Text 'John Doe' is set on object 'Object Repository/OrangeHRM/Page_OrangeHRM/input_Username'

12-05-2026T14:53:22 - [MESSAGE][PASSED] - Text 'John Doe' is set on object 'Object Repository/OrangeHRM/Page_OrangeHRM/input_Username'

12-05-2026T14:53:22 - [TEST_STEP][PASSED] - setText(findTestObject("OrangeHRM/Page_OrangeHRM/input_Password"), G_CurePassword): Text 'ThisIsNotAPassword' is set on object 'Object Repository/OrangeHRM/Page_OrangeHRM/input_Password'

12-05-2026T14:53:23 - [MESSAGE][PASSED] - Text 'ThisIsNotAPassword' is set on object 'Object Repository/OrangeHRM/Page_OrangeHRM/input_Password'

12-05-2026T14:53:23 - [TEST_STEP][PASSED] - click(findTestObject("OrangeHRM/Page_OrangeHRM/button_Login")): Object: 'Object Repository/OrangeHRM/Page_OrangeHRM/button_Login' is clicked on

12-05-2026T14:53:24 - [MESSAGE][PASSED] - Object: 'Object Repository/OrangeHRM/Page_OrangeHRM/button_Login' is clicked on

12-05-2026T14:53:24 - [TEST_STEP][PASSED] - closeBrowser(): Browser is closed

12-05-2026T14:53:24 - [MESSAGE][PASSED] - Browser is closed]]></system-out>
         <system-err><![CDATA[]]></system-err>
      </testcase>
      <system-out><![CDATA[12-05-2026T14:53:09 - [TEST_SUITE][PASSED] - Sample test execuition for Two Web Application: null]]></system-out>
      <system-err><![CDATA[]]></system-err>
   </testsuite>
</testsuites>
