<?xml version="1.0" encoding="UTF-8"?>
<testsuites name="TS001_DataDrivenTest" time="52.727" tests="2" passed="2" failures="0" errors="0" incompleted="0" skipped="0">
   <testsuite name="TS001_DataDrivenTest" tests="2" passed="2" failures="0" errors="0" incompleted="0" skipped="0" time="52.727" timestamp="2026-05-12T09:40:23.443Z" hostname="mohit - 192.168.29.170" id="Test Suites/TS001_DataDrivenTest" status="PASSED">
      <properties>
[...]
</properties>
      <testcase name="Test Cases/OrangeHRM/TC002-Orange HRM Search - Datadriven Test" time="26.894" classname="Test Cases/OrangeHRM/TC002-Orange HRM Search - Datadriven Test" status="PASSED">
         <properties>
            <property name="data_binding"><![CDATA[{"ApplicationUrl":"https://orange.katalon.com/web/index.php/auth/login","LoginUser":"mohit.kumar","LoginPassword":"********"}]]></property>
         </properties>
         <system-out><![CDATA[12-05-2026T15:10:23 - [TEST_CASE][PASSED] - Test Cases/OrangeHRM/TC002-Orange HRM Search - Datadriven Test: Test Cases/OrangeHRM/TC002-Orange HRM Search - Datadriven Test

12-05-2026T15:10:23 - [TEST_STEP][PASSED] - openBrowser(""): Browser is opened with url: ''

12-05-2026T15:10:23 - [MESSAGE][INFO] - Starting 'Chrome' driver

12-05-2026T15:10:23 - [MESSAGE][INFO] - User set preference: ['args', '[--disable-features=SafeBrowsing,PasswordLeakToggleMove, --disable-notifications]']

12-05-2026T15:10:23 - [MESSAGE][INFO] - User set preference: ['prefs', '{credentials_enable_service=false, profile.password_manager_enabled=false, profile.password_manager_leak_detection=false}']

12-05-2026T15:10:23 - [MESSAGE][INFO] - Action delay is set to 0 milliseconds

12-05-2026T15:10:25 - [MESSAGE][PASSED] - Browser is opened with url: ''

12-05-2026T15:10:25 - [TEST_STEP][PASSED] - maximizeWindow(STOP_ON_FAILURE): Current window maximized

12-05-2026T15:10:26 - [MESSAGE][PASSED] - Current window maximized

12-05-2026T15:10:26 - [TEST_STEP][PASSED] - navigateToUrl(ApplicationUrl): Navigate to 'https://orange.katalon.com/web/index.php/auth/login' successfully

12-05-2026T15:10:28 - [MESSAGE][PASSED] - Navigate to 'https://orange.katalon.com/web/index.php/auth/login' successfully

12-05-2026T15:10:28 - [TEST_STEP][PASSED] - setText(findTestObject("OrangeHRM/Page_OrangeHRM/input_Username"), LoginUser): Text 'mohit.kumar' is set on object 'Object Repository/OrangeHRM/Page_OrangeHRM/input_Username'

12-05-2026T15:10:29 - [MESSAGE][PASSED] - Text 'mohit.kumar' is set on object 'Object Repository/OrangeHRM/Page_OrangeHRM/input_Username'

12-05-2026T15:10:29 - [TEST_STEP][PASSED] - setEncryptedText(findTestObject("OrangeHRM/Page_OrangeHRM/input_Password"), LoginPassword): Text ****** has been set on object 'Object Repository/OrangeHRM/Page_OrangeHRM/input_Password'

12-05-2026T15:10:30 - [MESSAGE][PASSED] - Text ****** has been set on object 'Object Repository/OrangeHRM/Page_OrangeHRM/input_Password'

12-05-2026T15:10:30 - [TEST_STEP][PASSED] - click(findTestObject("OrangeHRM/Page_OrangeHRM/button_Login")): Object: 'Object Repository/OrangeHRM/Page_OrangeHRM/button_Login' is clicked on

12-05-2026T15:10:35 - [MESSAGE][PASSED] - Object: 'Object Repository/OrangeHRM/Page_OrangeHRM/button_Login' is clicked on

12-05-2026T15:10:35 - [TEST_STEP][PASSED] - click(findTestObject("OrangeHRM/Page_OrangeHRM/span_Admin")): Object: 'Object Repository/OrangeHRM/Page_OrangeHRM/span_Admin' is clicked on

12-05-2026T15:10:36 - [MESSAGE][PASSED] - Object: 'Object Repository/OrangeHRM/Page_OrangeHRM/span_Admin' is clicked on

12-05-2026T15:10:36 - [TEST_STEP][PASSED] - setText(findTestObject("OrangeHRM/Page_OrangeHRM/input_oxd-input oxd-input-active"), "mohit kumar"): Text 'mohit kumar' is set on object 'Object Repository/OrangeHRM/Page_OrangeHRM/input_oxd-input oxd-input-active'

12-05-2026T15:10:37 - [MESSAGE][PASSED] - Text 'mohit kumar' is set on object 'Object Repository/OrangeHRM/Page_OrangeHRM/input_oxd-input oxd-input-active'

12-05-2026T15:10:37 - [TEST_STEP][PASSED] - waitForElementPresent(findTestObject("OrangeHRM/Page_OrangeHRM/h5_System Users"), 10): Object 'Object Repository/OrangeHRM/Page_OrangeHRM/h5_System Users' is present

12-05-2026T15:10:37 - [MESSAGE][PASSED] - Object 'Object Repository/OrangeHRM/Page_OrangeHRM/h5_System Users' is present

12-05-2026T15:10:37 - [TEST_STEP][PASSED] - verifyElementText(findTestObject("OrangeHRM/Page_OrangeHRM/h5_System Users"), "System Users"): Actual text and expected text of test object 'Object Repository/OrangeHRM/Page_OrangeHRM/h5_System Users' are matched.

12-05-2026T15:10:38 - [MESSAGE][PASSED] - Actual text and expected text of test object 'Object Repository/OrangeHRM/Page_OrangeHRM/h5_System Users' are matched.

12-05-2026T15:10:38 - [TEST_STEP][PASSED] - waitForElementPresent(findTestObject("OrangeHRM/Page_OrangeHRM/h5_System Users"), 10): Object 'Object Repository/OrangeHRM/Page_OrangeHRM/h5_System Users' is present

12-05-2026T15:10:38 - [MESSAGE][PASSED] - Object 'Object Repository/OrangeHRM/Page_OrangeHRM/h5_System Users' is present

12-05-2026T15:10:38 - [TEST_STEP][PASSED] - click(findTestObject("OrangeHRM/Page_OrangeHRM/button_Search")): Object: 'Object Repository/OrangeHRM/Page_OrangeHRM/button_Search' is clicked on

12-05-2026T15:10:38 - [MESSAGE][PASSED] - Object: 'Object Repository/OrangeHRM/Page_OrangeHRM/button_Search' is clicked on

12-05-2026T15:10:38 - [TEST_STEP][PASSED] - waitForElementPresent(findTestObject("OrangeHRM/Page_OrangeHRM/span_No Records Found"), 10): Object 'Object Repository/OrangeHRM/Page_OrangeHRM/span_No Records Found' is present

12-05-2026T15:10:39 - [MESSAGE][PASSED] - Object 'Object Repository/OrangeHRM/Page_OrangeHRM/span_No Records Found' is present

12-05-2026T15:10:39 - [TEST_STEP][PASSED] - verifyElementText(findTestObject("OrangeHRM/Page_OrangeHRM/span_No Records Found"), "No Records Found"): Actual text and expected text of test object 'Object Repository/OrangeHRM/Page_OrangeHRM/span_No Records Found' are matched.

12-05-2026T15:10:39 - [MESSAGE][PASSED] - Actual text and expected text of test object 'Object Repository/OrangeHRM/Page_OrangeHRM/span_No Records Found' are matched.

12-05-2026T15:10:39 - [TEST_STEP][PASSED] - click(findTestObject("OrangeHRM/Page_OrangeHRM/span_Leave")): Object: 'Object Repository/OrangeHRM/Page_OrangeHRM/span_Leave' is clicked on

12-05-2026T15:10:41 - [MESSAGE][PASSED] - Object: 'Object Repository/OrangeHRM/Page_OrangeHRM/span_Leave' is clicked on

12-05-2026T15:10:41 - [TEST_STEP][PASSED] - waitForElementPresent(findTestObject("OrangeHRM/Page_OrangeHRM/h5_Leave List"), 10): Object 'Object Repository/OrangeHRM/Page_OrangeHRM/h5_Leave List' is present

12-05-2026T15:10:42 - [MESSAGE][PASSED] - Object 'Object Repository/OrangeHRM/Page_OrangeHRM/h5_Leave List' is present

12-05-2026T15:10:42 - [TEST_STEP][PASSED] - verifyElementText(findTestObject("OrangeHRM/Page_OrangeHRM/h5_Leave List"), "Leave List"): Actual text and expected text of test object 'Object Repository/OrangeHRM/Page_OrangeHRM/h5_Leave List' are matched.

12-05-2026T15:10:42 - [MESSAGE][PASSED] - Actual text and expected text of test object 'Object Repository/OrangeHRM/Page_OrangeHRM/h5_Leave List' are matched.

12-05-2026T15:10:42 - [TEST_STEP][PASSED] - click(findTestObject("OrangeHRM/Page_OrangeHRM/span_Time")): Object: 'Object Repository/OrangeHRM/Page_OrangeHRM/span_Time' is clicked on

12-05-2026T15:10:43 - [MESSAGE][PASSED] - Object: 'Object Repository/OrangeHRM/Page_OrangeHRM/span_Time' is clicked on

12-05-2026T15:10:43 - [TEST_STEP][PASSED] - waitForElementPresent(findTestObject("OrangeHRM/Page_OrangeHRM/h6_Select Employee"), 10): Object 'Object Repository/OrangeHRM/Page_OrangeHRM/h6_Select Employee' is present

12-05-2026T15:10:44 - [MESSAGE][PASSED] - Object 'Object Repository/OrangeHRM/Page_OrangeHRM/h6_Select Employee' is present

12-05-2026T15:10:44 - [TEST_STEP][PASSED] - verifyElementText(findTestObject("OrangeHRM/Page_OrangeHRM/h6_Select Employee"), "Select Employee"): Actual text and expected text of test object 'Object Repository/OrangeHRM/Page_OrangeHRM/h6_Select Employee' are matched.

12-05-2026T15:10:45 - [MESSAGE][PASSED] - Actual text and expected text of test object 'Object Repository/OrangeHRM/Page_OrangeHRM/h6_Select Employee' are matched.

12-05-2026T15:10:45 - [TEST_STEP][PASSED] - click(findTestObject("OrangeHRM/Page_OrangeHRM/span_My Info")): Object: 'Object Repository/OrangeHRM/Page_OrangeHRM/span_My Info' is clicked on

12-05-2026T15:10:46 - [MESSAGE][PASSED] - Object: 'Object Repository/OrangeHRM/Page_OrangeHRM/span_My Info' is clicked on

12-05-2026T15:10:46 - [TEST_STEP][PASSED] - waitForElementPresent(findTestObject("OrangeHRM/Page_OrangeHRM/h6_Personal Details"), 10): Object 'Object Repository/OrangeHRM/Page_OrangeHRM/h6_Personal Details' is present

12-05-2026T15:10:47 - [MESSAGE][PASSED] - Object 'Object Repository/OrangeHRM/Page_OrangeHRM/h6_Personal Details' is present

12-05-2026T15:10:47 - [TEST_STEP][PASSED] - verifyElementText(findTestObject("OrangeHRM/Page_OrangeHRM/h6_Personal Details"), "Personal Details"): Actual text and expected text of test object 'Object Repository/OrangeHRM/Page_OrangeHRM/h6_Personal Details' are matched.

12-05-2026T15:10:47 - [MESSAGE][PASSED] - Actual text and expected text of test object 'Object Repository/OrangeHRM/Page_OrangeHRM/h6_Personal Details' are matched.

12-05-2026T15:10:47 - [TEST_STEP][PASSED] - click(findTestObject("OrangeHRM/Page_OrangeHRM/span_Maintenance")): Object: 'Object Repository/OrangeHRM/Page_OrangeHRM/span_Maintenance' is clicked on

12-05-2026T15:10:49 - [MESSAGE][PASSED] - Object: 'Object Repository/OrangeHRM/Page_OrangeHRM/span_Maintenance' is clicked on

12-05-2026T15:10:49 - [TEST_STEP][PASSED] - waitForElementPresent(findTestObject("OrangeHRM/Page_OrangeHRM/h6_Administrator Access"), 10): Object 'Object Repository/OrangeHRM/Page_OrangeHRM/h6_Administrator Access' is present

12-05-2026T15:10:50 - [MESSAGE][PASSED] - Object 'Object Repository/OrangeHRM/Page_OrangeHRM/h6_Administrator Access' is present

12-05-2026T15:10:50 - [TEST_STEP][PASSED] - verifyElementText(findTestObject("OrangeHRM/Page_OrangeHRM/h6_Administrator Access"), "Administrator Access"): Actual text and expected text of test object 'Object Repository/OrangeHRM/Page_OrangeHRM/h6_Administrator Access' are matched.

12-05-2026T15:10:50 - [MESSAGE][PASSED] - Actual text and expected text of test object 'Object Repository/OrangeHRM/Page_OrangeHRM/h6_Administrator Access' are matched.

12-05-2026T15:10:50 - [TEST_STEP][PASSED] - closeBrowser(STOP_ON_FAILURE): Browser is closed

12-05-2026T15:10:50 - [MESSAGE][PASSED] - Browser is closed]]></system-out>
         <system-err><![CDATA[]]></system-err>
      </testcase>
      <testcase name="Test Cases/OrangeHRM/TC002-Orange HRM Search - Datadriven Test" time="25.767" classname="Test Cases/OrangeHRM/TC002-Orange HRM Search - Datadriven Test" status="PASSED">
         <properties>
            <property name="data_binding"><![CDATA[{"ApplicationUrl":"https://opensource-demo.orangehrmlive.com/web/index.php/auth/login","LoginUser":"Admin","LoginPassword":"********"}]]></property>
         </properties>
         <system-out><![CDATA[12-05-2026T15:10:50 - [TEST_CASE][PASSED] - Test Cases/OrangeHRM/TC002-Orange HRM Search - Datadriven Test: Test Cases/OrangeHRM/TC002-Orange HRM Search - Datadriven Test

12-05-2026T15:10:50 - [TEST_STEP][PASSED] - openBrowser(""): Browser is opened with url: ''

12-05-2026T15:10:50 - [MESSAGE][INFO] - Starting 'Chrome' driver

12-05-2026T15:10:50 - [MESSAGE][INFO] - User set preference: ['args', '[--disable-features=SafeBrowsing,PasswordLeakToggleMove, --disable-notifications]']

12-05-2026T15:10:50 - [MESSAGE][INFO] - User set preference: ['prefs', '{credentials_enable_service=false, profile.password_manager_enabled=false, profile.password_manager_leak_detection=false}']

12-05-2026T15:10:50 - [MESSAGE][INFO] - Action delay is set to 0 milliseconds

12-05-2026T15:10:51 - [MESSAGE][PASSED] - Browser is opened with url: ''

12-05-2026T15:10:51 - [TEST_STEP][PASSED] - maximizeWindow(STOP_ON_FAILURE): Current window maximized

12-05-2026T15:10:51 - [MESSAGE][PASSED] - Current window maximized

12-05-2026T15:10:51 - [TEST_STEP][PASSED] - navigateToUrl(ApplicationUrl): Navigate to 'https://opensource-demo.orangehrmlive.com/web/index.php/auth/login' successfully

12-05-2026T15:10:56 - [MESSAGE][PASSED] - Navigate to 'https://opensource-demo.orangehrmlive.com/web/index.php/auth/login' successfully

12-05-2026T15:10:56 - [TEST_STEP][PASSED] - setText(findTestObject("OrangeHRM/Page_OrangeHRM/input_Username"), LoginUser): Text 'Admin' is set on object 'Object Repository/OrangeHRM/Page_OrangeHRM/input_Username'

12-05-2026T15:10:57 - [MESSAGE][PASSED] - Text 'Admin' is set on object 'Object Repository/OrangeHRM/Page_OrangeHRM/input_Username'

12-05-2026T15:10:57 - [TEST_STEP][PASSED] - setEncryptedText(findTestObject("OrangeHRM/Page_OrangeHRM/input_Password"), LoginPassword): Text ****** has been set on object 'Object Repository/OrangeHRM/Page_OrangeHRM/input_Password'

12-05-2026T15:10:58 - [MESSAGE][PASSED] - Text ****** has been set on object 'Object Repository/OrangeHRM/Page_OrangeHRM/input_Password'

12-05-2026T15:10:58 - [TEST_STEP][PASSED] - click(findTestObject("OrangeHRM/Page_OrangeHRM/button_Login")): Object: 'Object Repository/OrangeHRM/Page_OrangeHRM/button_Login' is clicked on

12-05-2026T15:10:59 - [MESSAGE][PASSED] - Object: 'Object Repository/OrangeHRM/Page_OrangeHRM/button_Login' is clicked on

12-05-2026T15:10:59 - [TEST_STEP][PASSED] - click(findTestObject("OrangeHRM/Page_OrangeHRM/span_Admin")): Object: 'Object Repository/OrangeHRM/Page_OrangeHRM/span_Admin' is clicked on

12-05-2026T15:11:01 - [MESSAGE][PASSED] - Object: 'Object Repository/OrangeHRM/Page_OrangeHRM/span_Admin' is clicked on

12-05-2026T15:11:01 - [TEST_STEP][PASSED] - setText(findTestObject("OrangeHRM/Page_OrangeHRM/input_oxd-input oxd-input-active"), "mohit kumar"): Text 'mohit kumar' is set on object 'Object Repository/OrangeHRM/Page_OrangeHRM/input_oxd-input oxd-input-active'

12-05-2026T15:11:03 - [MESSAGE][PASSED] - Text 'mohit kumar' is set on object 'Object Repository/OrangeHRM/Page_OrangeHRM/input_oxd-input oxd-input-active'

12-05-2026T15:11:03 - [TEST_STEP][PASSED] - waitForElementPresent(findTestObject("OrangeHRM/Page_OrangeHRM/h5_System Users"), 10): Object 'Object Repository/OrangeHRM/Page_OrangeHRM/h5_System Users' is present

12-05-2026T15:11:03 - [MESSAGE][PASSED] - Object 'Object Repository/OrangeHRM/Page_OrangeHRM/h5_System Users' is present

12-05-2026T15:11:03 - [TEST_STEP][PASSED] - verifyElementText(findTestObject("OrangeHRM/Page_OrangeHRM/h5_System Users"), "System Users"): Actual text and expected text of test object 'Object Repository/OrangeHRM/Page_OrangeHRM/h5_System Users' are matched.

12-05-2026T15:11:03 - [MESSAGE][PASSED] - Actual text and expected text of test object 'Object Repository/OrangeHRM/Page_OrangeHRM/h5_System Users' are matched.

12-05-2026T15:11:03 - [TEST_STEP][PASSED] - waitForElementPresent(findTestObject("OrangeHRM/Page_OrangeHRM/h5_System Users"), 10): Object 'Object Repository/OrangeHRM/Page_OrangeHRM/h5_System Users' is present

12-05-2026T15:11:03 - [MESSAGE][PASSED] - Object 'Object Repository/OrangeHRM/Page_OrangeHRM/h5_System Users' is present

12-05-2026T15:11:03 - [TEST_STEP][PASSED] - click(findTestObject("OrangeHRM/Page_OrangeHRM/button_Search")): Object: 'Object Repository/OrangeHRM/Page_OrangeHRM/button_Search' is clicked on

12-05-2026T15:11:04 - [MESSAGE][PASSED] - Object: 'Object Repository/OrangeHRM/Page_OrangeHRM/button_Search' is clicked on

12-05-2026T15:11:04 - [TEST_STEP][PASSED] - waitForElementPresent(findTestObject("OrangeHRM/Page_OrangeHRM/span_No Records Found"), 10): Object 'Object Repository/OrangeHRM/Page_OrangeHRM/span_No Records Found' is present

12-05-2026T15:11:05 - [MESSAGE][PASSED] - Object 'Object Repository/OrangeHRM/Page_OrangeHRM/span_No Records Found' is present

12-05-2026T15:11:05 - [TEST_STEP][PASSED] - verifyElementText(findTestObject("OrangeHRM/Page_OrangeHRM/span_No Records Found"), "No Records Found"): Actual text and expected text of test object 'Object Repository/OrangeHRM/Page_OrangeHRM/span_No Records Found' are matched.

12-05-2026T15:11:05 - [MESSAGE][PASSED] - Actual text and expected text of test object 'Object Repository/OrangeHRM/Page_OrangeHRM/span_No Records Found' are matched.

12-05-2026T15:11:05 - [TEST_STEP][PASSED] - click(findTestObject("OrangeHRM/Page_OrangeHRM/span_Leave")): Object: 'Object Repository/OrangeHRM/Page_OrangeHRM/span_Leave' is clicked on

12-05-2026T15:11:06 - [MESSAGE][PASSED] - Object: 'Object Repository/OrangeHRM/Page_OrangeHRM/span_Leave' is clicked on

12-05-2026T15:11:06 - [TEST_STEP][PASSED] - waitForElementPresent(findTestObject("OrangeHRM/Page_OrangeHRM/h5_Leave List"), 10): Object 'Object Repository/OrangeHRM/Page_OrangeHRM/h5_Leave List' is present

12-05-2026T15:11:07 - [MESSAGE][PASSED] - Object 'Object Repository/OrangeHRM/Page_OrangeHRM/h5_Leave List' is present

12-05-2026T15:11:07 - [TEST_STEP][PASSED] - verifyElementText(findTestObject("OrangeHRM/Page_OrangeHRM/h5_Leave List"), "Leave List"): Actual text and expected text of test object 'Object Repository/OrangeHRM/Page_OrangeHRM/h5_Leave List' are matched.

12-05-2026T15:11:08 - [MESSAGE][PASSED] - Actual text and expected text of test object 'Object Repository/OrangeHRM/Page_OrangeHRM/h5_Leave List' are matched.

12-05-2026T15:11:08 - [TEST_STEP][PASSED] - click(findTestObject("OrangeHRM/Page_OrangeHRM/span_Time")): Object: 'Object Repository/OrangeHRM/Page_OrangeHRM/span_Time' is clicked on

12-05-2026T15:11:09 - [MESSAGE][PASSED] - Object: 'Object Repository/OrangeHRM/Page_OrangeHRM/span_Time' is clicked on

12-05-2026T15:11:09 - [TEST_STEP][PASSED] - waitForElementPresent(findTestObject("OrangeHRM/Page_OrangeHRM/h6_Select Employee"), 10): Object 'Object Repository/OrangeHRM/Page_OrangeHRM/h6_Select Employee' is present

12-05-2026T15:11:10 - [MESSAGE][PASSED] - Object 'Object Repository/OrangeHRM/Page_OrangeHRM/h6_Select Employee' is present

12-05-2026T15:11:10 - [TEST_STEP][PASSED] - verifyElementText(findTestObject("OrangeHRM/Page_OrangeHRM/h6_Select Employee"), "Select Employee"): Actual text and expected text of test object 'Object Repository/OrangeHRM/Page_OrangeHRM/h6_Select Employee' are matched.

12-05-2026T15:11:10 - [MESSAGE][PASSED] - Actual text and expected text of test object 'Object Repository/OrangeHRM/Page_OrangeHRM/h6_Select Employee' are matched.

12-05-2026T15:11:10 - [TEST_STEP][PASSED] - click(findTestObject("OrangeHRM/Page_OrangeHRM/span_My Info")): Object: 'Object Repository/OrangeHRM/Page_OrangeHRM/span_My Info' is clicked on

12-05-2026T15:11:12 - [MESSAGE][PASSED] - Object: 'Object Repository/OrangeHRM/Page_OrangeHRM/span_My Info' is clicked on

12-05-2026T15:11:12 - [TEST_STEP][PASSED] - waitForElementPresent(findTestObject("OrangeHRM/Page_OrangeHRM/h6_Personal Details"), 10): Object 'Object Repository/OrangeHRM/Page_OrangeHRM/h6_Personal Details' is present

12-05-2026T15:11:14 - [MESSAGE][PASSED] - Object 'Object Repository/OrangeHRM/Page_OrangeHRM/h6_Personal Details' is present

12-05-2026T15:11:14 - [TEST_STEP][PASSED] - verifyElementText(findTestObject("OrangeHRM/Page_OrangeHRM/h6_Personal Details"), "Personal Details"): Actual text and expected text of test object 'Object Repository/OrangeHRM/Page_OrangeHRM/h6_Personal Details' are matched.

12-05-2026T15:11:14 - [MESSAGE][PASSED] - Actual text and expected text of test object 'Object Repository/OrangeHRM/Page_OrangeHRM/h6_Personal Details' are matched.

12-05-2026T15:11:14 - [TEST_STEP][PASSED] - click(findTestObject("OrangeHRM/Page_OrangeHRM/span_Maintenance")): Object: 'Object Repository/OrangeHRM/Page_OrangeHRM/span_Maintenance' is clicked on

12-05-2026T15:11:15 - [MESSAGE][PASSED] - Object: 'Object Repository/OrangeHRM/Page_OrangeHRM/span_Maintenance' is clicked on

12-05-2026T15:11:15 - [TEST_STEP][PASSED] - waitForElementPresent(findTestObject("OrangeHRM/Page_OrangeHRM/h6_Administrator Access"), 10): Object 'Object Repository/OrangeHRM/Page_OrangeHRM/h6_Administrator Access' is present

12-05-2026T15:11:15 - [MESSAGE][PASSED] - Object 'Object Repository/OrangeHRM/Page_OrangeHRM/h6_Administrator Access' is present

12-05-2026T15:11:15 - [TEST_STEP][PASSED] - verifyElementText(findTestObject("OrangeHRM/Page_OrangeHRM/h6_Administrator Access"), "Administrator Access"): Actual text and expected text of test object 'Object Repository/OrangeHRM/Page_OrangeHRM/h6_Administrator Access' are matched.

12-05-2026T15:11:16 - [MESSAGE][PASSED] - Actual text and expected text of test object 'Object Repository/OrangeHRM/Page_OrangeHRM/h6_Administrator Access' are matched.

12-05-2026T15:11:16 - [TEST_STEP][PASSED] - closeBrowser(STOP_ON_FAILURE): Browser is closed

12-05-2026T15:11:16 - [MESSAGE][PASSED] - Browser is closed]]></system-out>
         <system-err><![CDATA[]]></system-err>
      </testcase>
      <system-out><![CDATA[12-05-2026T15:10:23 - [TEST_SUITE][PASSED] - TS001_DataDrivenTest: null]]></system-out>
      <system-err><![CDATA[]]></system-err>
   </testsuite>
</testsuites>
