<?xml version="1.0" encoding="UTF-8"?>
<testsuites name="TS002a-Smoke Test for OrangeHRM" time="23.924" tests="1" passed="1" failures="0" errors="0" incompleted="0" skipped="0">
   <testsuite name="TS002a-Smoke Test for OrangeHRM" tests="1" passed="1" failures="0" errors="0" incompleted="0" skipped="0" time="23.924" timestamp="2026-05-12T09:27:07.094Z" hostname="mohit - 192.168.29.170" id="Test Suites/TS002a-Smoke Test for OrangeHRM" status="PASSED">
      <properties>
[...]
</properties>
      <testcase name="Test Cases/OrangeHRM/TC001-Orange HRM Search" time="23.883" classname="Test Cases/OrangeHRM/TC001-Orange HRM Search" status="PASSED">
         <system-out><![CDATA[12-05-2026T14:57:07 - [TEST_CASE][PASSED] - Test Cases/OrangeHRM/TC001-Orange HRM Search: Test Cases/OrangeHRM/TC001-Orange HRM Search

12-05-2026T14:57:07 - [TEST_STEP][PASSED] - openBrowser(""): Browser is opened with url: ''

12-05-2026T14:57:07 - [MESSAGE][INFO] - Starting 'Chrome' driver

12-05-2026T14:57:07 - [MESSAGE][INFO] - User set preference: ['args', '[--disable-features=SafeBrowsing,PasswordLeakToggleMove, --disable-notifications]']

12-05-2026T14:57:07 - [MESSAGE][INFO] - User set preference: ['prefs', '{credentials_enable_service=false, profile.password_manager_enabled=false, profile.password_manager_leak_detection=false}']

12-05-2026T14:57:07 - [MESSAGE][INFO] - Action delay is set to 0 milliseconds

12-05-2026T14:57:09 - [MESSAGE][PASSED] - Browser is opened with url: ''

12-05-2026T14:57:09 - [TEST_STEP][PASSED] - maximizeWindow(STOP_ON_FAILURE): Current window maximized

12-05-2026T14:57:09 - [MESSAGE][PASSED] - Current window maximized

12-05-2026T14:57:09 - [TEST_STEP][PASSED] - navigateToUrl("https://orange.katalon.com/web/index.php/auth/login"): Navigate to 'https://orange.katalon.com/web/index.php/auth/login' successfully

12-05-2026T14:57:12 - [MESSAGE][PASSED] - Navigate to 'https://orange.katalon.com/web/index.php/auth/login' successfully

12-05-2026T14:57:12 - [TEST_STEP][PASSED] - takeScreenshot(): Taking screenshot successfully

12-05-2026T14:57:13 - [MESSAGE][PASSED] - Taking screenshot successfully
[[ATTACHMENT|/Users/mohit/git/Ramco-katalon-sample/Reports/20260512_145704/TS002a-Smoke Test for OrangeHRM/20260512_145704/1778578032244.png]]

12-05-2026T14:57:13 - [TEST_STEP][PASSED] - setText(findTestObject("OrangeHRM/Page_OrangeHRM/input_Username"), "mohit.kumar"): Text 'mohit.kumar' is set on object 'Object Repository/OrangeHRM/Page_OrangeHRM/input_Username'

12-05-2026T14:57:13 - [MESSAGE][PASSED] - Text 'mohit.kumar' is set on object 'Object Repository/OrangeHRM/Page_OrangeHRM/input_Username'

12-05-2026T14:57:13 - [TEST_STEP][PASSED] - setEncryptedText(findTestObject("OrangeHRM/Page_OrangeHRM/input_Password"), "H0Q291REJi8mZmD6Fe3ZMw=="): Text ****** has been set on object 'Object Repository/OrangeHRM/Page_OrangeHRM/input_Password'

12-05-2026T14:57:13 - [MESSAGE][PASSED] - Text ****** has been set on object 'Object Repository/OrangeHRM/Page_OrangeHRM/input_Password'

12-05-2026T14:57:13 - [TEST_STEP][PASSED] - click(findTestObject("OrangeHRM/Page_OrangeHRM/button_Login")): Object: 'Object Repository/OrangeHRM/Page_OrangeHRM/button_Login' is clicked on

12-05-2026T14:57:15 - [MESSAGE][PASSED] - Object: 'Object Repository/OrangeHRM/Page_OrangeHRM/button_Login' is clicked on

12-05-2026T14:57:15 - [TEST_STEP][PASSED] - click(findTestObject("OrangeHRM/Page_OrangeHRM/span_Admin")): Object: 'Object Repository/OrangeHRM/Page_OrangeHRM/span_Admin' is clicked on

12-05-2026T14:57:16 - [MESSAGE][PASSED] - Object: 'Object Repository/OrangeHRM/Page_OrangeHRM/span_Admin' is clicked on

12-05-2026T14:57:16 - [TEST_STEP][PASSED] - takeScreenshot(): Taking screenshot successfully

12-05-2026T14:57:18 - [MESSAGE][PASSED] - Taking screenshot successfully
[[ATTACHMENT|/Users/mohit/git/Ramco-katalon-sample/Reports/20260512_145704/TS002a-Smoke Test for OrangeHRM/20260512_145704/1778578036881.png]]

12-05-2026T14:57:18 - [TEST_STEP][PASSED] - setText(findTestObject("OrangeHRM/Page_OrangeHRM/input_oxd-input oxd-input-active"), "mohit kumar"): Text 'mohit kumar' is set on object 'Object Repository/OrangeHRM/Page_OrangeHRM/input_oxd-input oxd-input-active'

12-05-2026T14:57:18 - [MESSAGE][PASSED] - Text 'mohit kumar' is set on object 'Object Repository/OrangeHRM/Page_OrangeHRM/input_oxd-input oxd-input-active'

12-05-2026T14:57:18 - [TEST_STEP][PASSED] - waitForElementPresent(findTestObject("OrangeHRM/Page_OrangeHRM/h5_System Users"), 10): Object 'Object Repository/OrangeHRM/Page_OrangeHRM/h5_System Users' is present

12-05-2026T14:57:18 - [MESSAGE][PASSED] - Object 'Object Repository/OrangeHRM/Page_OrangeHRM/h5_System Users' is present

12-05-2026T14:57:18 - [TEST_STEP][PASSED] - takeScreenshot(): Taking screenshot successfully

12-05-2026T14:57:19 - [MESSAGE][PASSED] - Taking screenshot successfully
[[ATTACHMENT|/Users/mohit/git/Ramco-katalon-sample/Reports/20260512_145704/TS002a-Smoke Test for OrangeHRM/20260512_145704/1778578038766.png]]

12-05-2026T14:57:19 - [TEST_STEP][PASSED] - verifyElementText(findTestObject("OrangeHRM/Page_OrangeHRM/h5_System Users"), "System Users"): Actual text and expected text of test object 'Object Repository/OrangeHRM/Page_OrangeHRM/h5_System Users' are matched.

12-05-2026T14:57:19 - [MESSAGE][PASSED] - Actual text and expected text of test object 'Object Repository/OrangeHRM/Page_OrangeHRM/h5_System Users' are matched.

12-05-2026T14:57:19 - [TEST_STEP][PASSED] - waitForElementPresent(findTestObject("OrangeHRM/Page_OrangeHRM/h5_System Users"), 10): Object 'Object Repository/OrangeHRM/Page_OrangeHRM/h5_System Users' is present

12-05-2026T14:57:19 - [MESSAGE][PASSED] - Object 'Object Repository/OrangeHRM/Page_OrangeHRM/h5_System Users' is present

12-05-2026T14:57:19 - [TEST_STEP][PASSED] - click(findTestObject("OrangeHRM/Page_OrangeHRM/button_Search")): Object: 'Object Repository/OrangeHRM/Page_OrangeHRM/button_Search' is clicked on

12-05-2026T14:57:19 - [MESSAGE][PASSED] - Object: 'Object Repository/OrangeHRM/Page_OrangeHRM/button_Search' is clicked on

12-05-2026T14:57:19 - [TEST_STEP][PASSED] - waitForElementPresent(findTestObject("OrangeHRM/Page_OrangeHRM/span_No Records Found"), 10): Object 'Object Repository/OrangeHRM/Page_OrangeHRM/span_No Records Found' is present

12-05-2026T14:57:20 - [MESSAGE][PASSED] - Object 'Object Repository/OrangeHRM/Page_OrangeHRM/span_No Records Found' is present

12-05-2026T14:57:20 - [TEST_STEP][PASSED] - takeScreenshot(): Taking screenshot successfully

12-05-2026T14:57:20 - [MESSAGE][PASSED] - Taking screenshot successfully
[[ATTACHMENT|/Users/mohit/git/Ramco-katalon-sample/Reports/20260512_145704/TS002a-Smoke Test for OrangeHRM/20260512_145704/1778578040519.png]]

12-05-2026T14:57:20 - [TEST_STEP][PASSED] - verifyElementText(findTestObject("OrangeHRM/Page_OrangeHRM/span_No Records Found"), "No Records Found"): Actual text and expected text of test object 'Object Repository/OrangeHRM/Page_OrangeHRM/span_No Records Found' are matched.

12-05-2026T14:57:21 - [MESSAGE][PASSED] - Actual text and expected text of test object 'Object Repository/OrangeHRM/Page_OrangeHRM/span_No Records Found' are matched.

12-05-2026T14:57:21 - [TEST_STEP][PASSED] - click(findTestObject("OrangeHRM/Page_OrangeHRM/span_Leave")): Object: 'Object Repository/OrangeHRM/Page_OrangeHRM/span_Leave' is clicked on

12-05-2026T14:57:21 - [MESSAGE][PASSED] - Object: 'Object Repository/OrangeHRM/Page_OrangeHRM/span_Leave' is clicked on

12-05-2026T14:57:21 - [TEST_STEP][PASSED] - waitForElementPresent(findTestObject("OrangeHRM/Page_OrangeHRM/h5_Leave List"), 10): Object 'Object Repository/OrangeHRM/Page_OrangeHRM/h5_Leave List' is present

12-05-2026T14:57:23 - [MESSAGE][PASSED] - Object 'Object Repository/OrangeHRM/Page_OrangeHRM/h5_Leave List' is present

12-05-2026T14:57:23 - [TEST_STEP][PASSED] - takeScreenshot(): Taking screenshot successfully

12-05-2026T14:57:23 - [MESSAGE][PASSED] - Taking screenshot successfully
[[ATTACHMENT|/Users/mohit/git/Ramco-katalon-sample/Reports/20260512_145704/TS002a-Smoke Test for OrangeHRM/20260512_145704/1778578043022.png]]

12-05-2026T14:57:23 - [TEST_STEP][PASSED] - verifyElementText(findTestObject("OrangeHRM/Page_OrangeHRM/h5_Leave List"), "Leave List"): Actual text and expected text of test object 'Object Repository/OrangeHRM/Page_OrangeHRM/h5_Leave List' are matched.

12-05-2026T14:57:23 - [MESSAGE][PASSED] - Actual text and expected text of test object 'Object Repository/OrangeHRM/Page_OrangeHRM/h5_Leave List' are matched.

12-05-2026T14:57:23 - [TEST_STEP][PASSED] - click(findTestObject("OrangeHRM/Page_OrangeHRM/span_Time")): Object: 'Object Repository/OrangeHRM/Page_OrangeHRM/span_Time' is clicked on

12-05-2026T14:57:24 - [MESSAGE][PASSED] - Object: 'Object Repository/OrangeHRM/Page_OrangeHRM/span_Time' is clicked on

12-05-2026T14:57:24 - [TEST_STEP][PASSED] - waitForElementPresent(findTestObject("OrangeHRM/Page_OrangeHRM/h6_Select Employee"), 10): Object 'Object Repository/OrangeHRM/Page_OrangeHRM/h6_Select Employee' is present

12-05-2026T14:57:25 - [MESSAGE][PASSED] - Object 'Object Repository/OrangeHRM/Page_OrangeHRM/h6_Select Employee' is present

12-05-2026T14:57:25 - [TEST_STEP][PASSED] - takeScreenshot(): Taking screenshot successfully

12-05-2026T14:57:25 - [MESSAGE][PASSED] - Taking screenshot successfully
[[ATTACHMENT|/Users/mohit/git/Ramco-katalon-sample/Reports/20260512_145704/TS002a-Smoke Test for OrangeHRM/20260512_145704/1778578045476.png]]

12-05-2026T14:57:25 - [TEST_STEP][PASSED] - verifyElementText(findTestObject("OrangeHRM/Page_OrangeHRM/h6_Select Employee"), "Select Employee"): Actual text and expected text of test object 'Object Repository/OrangeHRM/Page_OrangeHRM/h6_Select Employee' are matched.

12-05-2026T14:57:26 - [MESSAGE][PASSED] - Actual text and expected text of test object 'Object Repository/OrangeHRM/Page_OrangeHRM/h6_Select Employee' are matched.

12-05-2026T14:57:26 - [TEST_STEP][PASSED] - click(findTestObject("OrangeHRM/Page_OrangeHRM/span_My Info")): Object: 'Object Repository/OrangeHRM/Page_OrangeHRM/span_My Info' is clicked on

12-05-2026T14:57:26 - [MESSAGE][PASSED] - Object: 'Object Repository/OrangeHRM/Page_OrangeHRM/span_My Info' is clicked on

12-05-2026T14:57:26 - [TEST_STEP][PASSED] - waitForElementPresent(findTestObject("OrangeHRM/Page_OrangeHRM/h6_Personal Details"), 10): Object 'Object Repository/OrangeHRM/Page_OrangeHRM/h6_Personal Details' is present

12-05-2026T14:57:28 - [MESSAGE][PASSED] - Object 'Object Repository/OrangeHRM/Page_OrangeHRM/h6_Personal Details' is present

12-05-2026T14:57:28 - [TEST_STEP][PASSED] - takeScreenshot(): Taking screenshot successfully

12-05-2026T14:57:28 - [MESSAGE][PASSED] - Taking screenshot successfully
[[ATTACHMENT|/Users/mohit/git/Ramco-katalon-sample/Reports/20260512_145704/TS002a-Smoke Test for OrangeHRM/20260512_145704/1778578048302.png]]

12-05-2026T14:57:28 - [TEST_STEP][PASSED] - verifyElementText(findTestObject("OrangeHRM/Page_OrangeHRM/h6_Personal Details"), "Personal Details"): Actual text and expected text of test object 'Object Repository/OrangeHRM/Page_OrangeHRM/h6_Personal Details' are matched.

12-05-2026T14:57:28 - [MESSAGE][PASSED] - Actual text and expected text of test object 'Object Repository/OrangeHRM/Page_OrangeHRM/h6_Personal Details' are matched.

12-05-2026T14:57:28 - [TEST_STEP][PASSED] - click(findTestObject("OrangeHRM/Page_OrangeHRM/span_Maintenance")): Object: 'Object Repository/OrangeHRM/Page_OrangeHRM/span_Maintenance' is clicked on

12-05-2026T14:57:29 - [MESSAGE][PASSED] - Object: 'Object Repository/OrangeHRM/Page_OrangeHRM/span_Maintenance' is clicked on

12-05-2026T14:57:29 - [TEST_STEP][PASSED] - waitForElementPresent(findTestObject("OrangeHRM/Page_OrangeHRM/h6_Administrator Access"), 10): Object 'Object Repository/OrangeHRM/Page_OrangeHRM/h6_Administrator Access' is present

12-05-2026T14:57:30 - [MESSAGE][PASSED] - Object 'Object Repository/OrangeHRM/Page_OrangeHRM/h6_Administrator Access' is present

12-05-2026T14:57:30 - [TEST_STEP][PASSED] - takeScreenshot(): Taking screenshot successfully

12-05-2026T14:57:30 - [MESSAGE][PASSED] - Taking screenshot successfully
[[ATTACHMENT|/Users/mohit/git/Ramco-katalon-sample/Reports/20260512_145704/TS002a-Smoke Test for OrangeHRM/20260512_145704/1778578050418.png]]

12-05-2026T14:57:30 - [TEST_STEP][PASSED] - verifyElementText(findTestObject("OrangeHRM/Page_OrangeHRM/h6_Administrator Access"), "Administrator Access"): Actual text and expected text of test object 'Object Repository/OrangeHRM/Page_OrangeHRM/h6_Administrator Access' are matched.

12-05-2026T14:57:30 - [MESSAGE][PASSED] - Actual text and expected text of test object 'Object Repository/OrangeHRM/Page_OrangeHRM/h6_Administrator Access' are matched.

12-05-2026T14:57:30 - [TEST_STEP][PASSED] - closeBrowser(STOP_ON_FAILURE): Browser is closed

12-05-2026T14:57:31 - [MESSAGE][PASSED] - Browser is closed]]></system-out>
         <system-err><![CDATA[]]></system-err>
      </testcase>
      <system-out><![CDATA[12-05-2026T14:57:07 - [TEST_SUITE][PASSED] - TS002a-Smoke Test for OrangeHRM: null]]></system-out>
      <system-err><![CDATA[]]></system-err>
   </testsuite>
</testsuites>
