<?xml version="1.0" encoding="UTF-8"?>
<testsuites name="Sample test execuition for Two Web Application" time="13.192" tests="2" passed="1" failures="1" errors="0" incompleted="0" skipped="0">
   <testsuite name="Sample test execuition for Two Web Application" tests="2" passed="1" failures="1" errors="0" incompleted="0" skipped="0" time="13.192" timestamp="2026-05-12T09:22:19.347Z" hostname="mohit - 192.168.29.170" id="Test Suites/HybridTestSuite/Sample test execuition for Two Web Application" status="FAILED">
      <properties>
[...]
</properties>
      <testcase name="Test Cases/HealthCare/TC002_CureHealthCare - First Web Application" time="7.514" classname="Test Cases/HealthCare/TC002_CureHealthCare - First Web Application" status="PASSED">
         <system-out><![CDATA[12-05-2026T14:52:19 - [TEST_CASE][PASSED] - Test Cases/HealthCare/TC002_CureHealthCare - First Web Application: Test Cases/HealthCare/TC002_CureHealthCare - First Web Application

12-05-2026T14:52:19 - [TEST_STEP][PASSED] - openBrowser(""): Browser is opened with url: ''

12-05-2026T14:52:19 - [MESSAGE][INFO] - Starting 'Chrome' driver

12-05-2026T14:52:19 - [MESSAGE][INFO] - User set preference: ['args', '[--disable-features=SafeBrowsing,PasswordLeakToggleMove, --disable-notifications]']

12-05-2026T14:52:19 - [MESSAGE][INFO] - User set preference: ['prefs', '{credentials_enable_service=false, profile.password_manager_enabled=false, profile.password_manager_leak_detection=false}']

12-05-2026T14:52:19 - [MESSAGE][INFO] - Action delay is set to 0 milliseconds

12-05-2026T14:52:21 - [MESSAGE][PASSED] - Browser is opened with url: ''

12-05-2026T14:52:21 - [TEST_STEP][PASSED] - maximizeWindow(): Current window maximized

12-05-2026T14:52:22 - [MESSAGE][PASSED] - Current window maximized

12-05-2026T14:52:22 - [TEST_STEP][PASSED] - navigateToUrl("https://katalon-demo-cura.herokuapp.com/"): Navigate to 'https://katalon-demo-cura.herokuapp.com/' successfully

12-05-2026T14:52:25 - [MESSAGE][PASSED] - Navigate to 'https://katalon-demo-cura.herokuapp.com/' successfully

12-05-2026T14:52:25 - [TEST_STEP][PASSED] - click(findTestObject("CureHealthCare/Page_CURA Healthcare Service/h3_We Care About Your Health")): Object: 'Object Repository/CureHealthCare/Page_CURA Healthcare Service/h3_We Care About Your Health' is clicked on

12-05-2026T14:52:25 - [MESSAGE][PASSED] - Object: 'Object Repository/CureHealthCare/Page_CURA Healthcare Service/h3_We Care About Your Health' is clicked on

12-05-2026T14:52:25 - [TEST_STEP][PASSED] - verifyElementText(findTestObject("CureHealthCare/Page_CURA Healthcare Service/h3_We Care About Your Health"), "We Care About Your Health"): Actual text and expected text of test object 'Object Repository/CureHealthCare/Page_CURA Healthcare Service/h3_We Care About Your Health' are matched.

12-05-2026T14:52:25 - [MESSAGE][PASSED] - Actual text and expected text of test object 'Object Repository/CureHealthCare/Page_CURA Healthcare Service/h3_We Care About Your Health' are matched.

12-05-2026T14:52:25 - [TEST_STEP][PASSED] - click(findTestObject("CureHealthCare/Page_CURA Healthcare Service/a_btn-make-appointment")): Object: 'Object Repository/CureHealthCare/Page_CURA Healthcare Service/a_btn-make-appointment' is clicked on

12-05-2026T14:52:26 - [MESSAGE][PASSED] - Object: 'Object Repository/CureHealthCare/Page_CURA Healthcare Service/a_btn-make-appointment' is clicked on

12-05-2026T14:52:26 - [TEST_STEP][PASSED] - strUsername = getAttribute(findTestObject("CureHealthCare/Page_CURA Healthcare Service/input_Username"), "value"): Attribute 'value' of object 'Object Repository/CureHealthCare/Page_CURA Healthcare Service/input_Username' is: 'John Doe'

12-05-2026T14:52:26 - [MESSAGE][PASSED] - Attribute 'value' of object 'Object Repository/CureHealthCare/Page_CURA Healthcare Service/input_Username' is: 'John Doe'

12-05-2026T14:52:26 - [TEST_STEP][PASSED] - G_CureUsername = strUsername: null

12-05-2026T14:52:26 - [TEST_STEP][PASSED] - comment(strUsername): John Doe

12-05-2026T14:52:26 - [MESSAGE][INFO] - John Doe

12-05-2026T14:52:26 - [TEST_STEP][PASSED] - strPassword = getAttribute(findTestObject("CureHealthCare/Page_CURA Healthcare Service/input_Password"), "value"): Attribute 'value' of object 'Object Repository/CureHealthCare/Page_CURA Healthcare Service/input_Password' is: 'ThisIsNotAPassword'

12-05-2026T14:52:26 - [MESSAGE][PASSED] - Attribute 'value' of object 'Object Repository/CureHealthCare/Page_CURA Healthcare Service/input_Password' is: 'ThisIsNotAPassword'

12-05-2026T14:52:26 - [TEST_STEP][PASSED] - G_CurePassword = strPassword: null

12-05-2026T14:52:26 - [TEST_STEP][PASSED] - comment(strPassword): ThisIsNotAPassword

12-05-2026T14:52:26 - [MESSAGE][INFO] - ThisIsNotAPassword

12-05-2026T14:52:26 - [TEST_STEP][PASSED] - closeBrowser(): Browser is closed

12-05-2026T14:52:26 - [MESSAGE][PASSED] - Browser is closed]]></system-out>
         <system-err><![CDATA[]]></system-err>
      </testcase>
      <testcase name="Test Cases/OrangeHRM/TC003-Orange HRM Search - Second Web Application" time="5.628" classname="Test Cases/OrangeHRM/TC003-Orange HRM Search - Second Web Application" status="FAILED">
         <properties>
            <property name="data_binding"><![CDATA[{"(Default) Appli...":"https://orange.katalon.com/web/index.php/auth/login","(Default) Login...":"********"}]]></property>
         </properties>
         <failure type="FAILED" message="Test Cases/OrangeHRM/TC003-Orange HRM Search - Second Web Application FAILED.&#xa;Reason:&#xa;com.kms.katalon.core.exception.StepFailedException: Unable to set encrypted text for object 'Object Repository/OrangeHRM/Page_OrangeHRM/input_Password'&#xa;	at com.kms.katalon.core.webui.keyword.internal.WebUIKeywordMain.stepFailed(WebUIKeywordMain.groovy:177)&#xa;	at com.kms.katalon.core.webui.keyword.internal.WebUIKeywordMain.runKeyword(WebUIKeywordMain.groovy:49)&#xa;	at com.kms.katalon.core.webui.keyword.internal.WebUIKeywordMain.runKeywordUntilTimeout(WebUIKeywordMain.groovy:133)&#xa;	at com.kms.katalon.core.webui.keyword.builtin.SetEncryptedTextKeyword.setEncryptedText(SetEncryptedTextKeyword.groovy:88)&#xa;	at com.kms.katalon.core.webui.keyword.builtin.SetEncryptedTextKeyword.execute(SetEncryptedTextKeyword.groovy:48)&#xa;	at com.kms.katalon.core.keyword.internal.KeywordExecutor.executeKeywordForPlatform(KeywordExecutor.groovy:99)&#xa;	at com.kms.katalon.core.webui.keyword.WebUiBuiltInKeywords.setEncryptedText(WebUiBuiltInKeywords.groovy:1113)&#xa;	at TC003-Orange HRM Search - Second Web Application.run(TC003-Orange HRM Search - Second Web Application:28)&#xa;	at com.kms.katalon.core.main.ScriptEngine.run(ScriptEngine.java:203)&#xa;	at com.kms.katalon.core.main.ScriptEngine.runScriptAsRawText(ScriptEngine.java:115)&#xa;	at com.kms.katalon.core.main.TestCaseExecutor.runScript(TestCaseExecutor.java:504)&#xa;	at com.kms.katalon.core.main.TestCaseExecutor.doExecute(TestCaseExecutor.java:495)&#xa;	at com.kms.katalon.core.main.TestCaseExecutor.processExecutionPhase(TestCaseExecutor.java:474)&#xa;	at com.kms.katalon.core.main.TestCaseExecutor.accessMainPhase(TestCaseExecutor.java:466)&#xa;	at com.kms.katalon.core.main.TestCaseExecutor.execute(TestCaseExecutor.java:336)&#xa;	at com.kms.katalon.core.common.CommonExecutor.accessTestCaseMainPhase(CommonExecutor.java:71)&#xa;	at com.kms.katalon.core.main.TestSuiteExecutor.accessTestSuiteMainPhase(TestSuiteExecutor.java:153)&#xa;	at com.kms.katalon.core.main.TestSuiteExecutor.execute(TestSuiteExecutor.java:110)&#xa;	at com.kms.katalon.core.main.TestCaseMain.startTestSuite(TestCaseMain.java:206)&#xa;	at S0512_16.run(S0512_16.groovy:40)&#xa;	at java.base/jdk.internal.reflect.DirectMethodHandleAccessor.invoke(DirectMethodHandleAccessor.java:103)&#xa;Caused by: javax.crypto.IllegalBlockSizeException: Input length must be multiple of 8 when decrypting with padded cipher&#xa;	at java.base/com.sun.crypto.provider.CipherCore.prepareInputBuffer(CipherCore.java:890)&#xa;	at java.base/com.sun.crypto.provider.CipherCore.doFinal(CipherCore.java:729)&#xa;	at java.base/com.sun.crypto.provider.DESedeCipher.engineDoFinal(DESedeCipher.java:296)&#xa;	at com.kms.katalon.util.CryptoUtil.decode(CryptoUtil.java:86)&#xa;	at com.kms.katalon.core.webui.keyword.builtin.SetEncryptedTextKeyword$_setEncryptedText_closure1.doCall(SetEncryptedTextKeyword.groovy:66)&#xa;	at java.base/jdk.internal.reflect.DirectMethodHandleAccessor.invoke(DirectMethodHandleAccessor.java:103)&#xa;	at jdk.proxy2/jdk.proxy2.$Proxy56.execute(Unknown Source)&#xa;	at com.kms.katalon.core.webui.model.SeleniumActionRetryController.performAction(SeleniumActionRetryController.java:96)&#xa;	at com.kms.katalon.core.webui.model.SeleniumActionRetryController.performAction(SeleniumActionRetryController.java:83)&#xa;	at com.kms.katalon.core.webui.keyword.internal.WebUIKeywordMain$_runKeywordUntilTimeout_closure1.doCall(WebUIKeywordMain.groovy:135)&#xa;	at com.kms.katalon.core.webui.keyword.internal.WebUIKeywordMain$_runKeywordUntilTimeout_closure1.call(WebUIKeywordMain.groovy)&#xa;	at com.kms.katalon.core.webui.keyword.internal.WebUIKeywordMain.runKeyword(WebUIKeywordMain.groovy:41)&#xa;	... 19 more&#xa;"/>
         <system-out><![CDATA[12-05-2026T14:52:26 - [TEST_CASE][FAILED] - Test Cases/OrangeHRM/TC003-Orange HRM Search - Second Web Application: Test Cases/OrangeHRM/TC003-Orange HRM Search - Second Web Application FAILED.
Reason:
com.kms.katalon.core.exception.StepFailedException: Unable to set encrypted text for object 'Object Repository/OrangeHRM/Page_OrangeHRM/input_Password'
	at com.kms.katalon.core.webui.keyword.internal.WebUIKeywordMain.stepFailed(WebUIKeywordMain.groovy:177)
	at com.kms.katalon.core.webui.keyword.internal.WebUIKeywordMain.runKeyword(WebUIKeywordMain.groovy:49)
	at com.kms.katalon.core.webui.keyword.internal.WebUIKeywordMain.runKeywordUntilTimeout(WebUIKeywordMain.groovy:133)
	at com.kms.katalon.core.webui.keyword.builtin.SetEncryptedTextKeyword.setEncryptedText(SetEncryptedTextKeyword.groovy:88)
	at com.kms.katalon.core.webui.keyword.builtin.SetEncryptedTextKeyword.execute(SetEncryptedTextKeyword.groovy:48)
	at com.kms.katalon.core.keyword.internal.KeywordExecutor.executeKeywordForPlatform(KeywordExecutor.groovy:99)
	at com.kms.katalon.core.webui.keyword.WebUiBuiltInKeywords.setEncryptedText(WebUiBuiltInKeywords.groovy:1113)
	at TC003-Orange HRM Search - Second Web Application.run(TC003-Orange HRM Search - Second Web Application:28)
	at com.kms.katalon.core.main.ScriptEngine.run(ScriptEngine.java:203)
	at com.kms.katalon.core.main.ScriptEngine.runScriptAsRawText(ScriptEngine.java:115)
	at com.kms.katalon.core.main.TestCaseExecutor.runScript(TestCaseExecutor.java:504)
	at com.kms.katalon.core.main.TestCaseExecutor.doExecute(TestCaseExecutor.java:495)
	at com.kms.katalon.core.main.TestCaseExecutor.processExecutionPhase(TestCaseExecutor.java:474)
	at com.kms.katalon.core.main.TestCaseExecutor.accessMainPhase(TestCaseExecutor.java:466)
	at com.kms.katalon.core.main.TestCaseExecutor.execute(TestCaseExecutor.java:336)
	at com.kms.katalon.core.common.CommonExecutor.accessTestCaseMainPhase(CommonExecutor.java:71)
	at com.kms.katalon.core.main.TestSuiteExecutor.accessTestSuiteMainPhase(TestSuiteExecutor.java:153)
	at com.kms.katalon.core.main.TestSuiteExecutor.execute(TestSuiteExecutor.java:110)
	at com.kms.katalon.core.main.TestCaseMain.startTestSuite(TestCaseMain.java:206)
	at S0512_16.run(S0512_16.groovy:40)
	at java.base/jdk.internal.reflect.DirectMethodHandleAccessor.invoke(DirectMethodHandleAccessor.java:103)
Caused by: javax.crypto.IllegalBlockSizeException: Input length must be multiple of 8 when decrypting with padded cipher
	at java.base/com.sun.crypto.provider.CipherCore.prepareInputBuffer(CipherCore.java:890)
	at java.base/com.sun.crypto.provider.CipherCore.doFinal(CipherCore.java:729)
	at java.base/com.sun.crypto.provider.DESedeCipher.engineDoFinal(DESedeCipher.java:296)
	at com.kms.katalon.util.CryptoUtil.decode(CryptoUtil.java:86)
	at com.kms.katalon.core.webui.keyword.builtin.SetEncryptedTextKeyword$_setEncryptedText_closure1.doCall(SetEncryptedTextKeyword.groovy:66)
	at java.base/jdk.internal.reflect.DirectMethodHandleAccessor.invoke(DirectMethodHandleAccessor.java:103)
	at jdk.proxy2/jdk.proxy2.$Proxy56.execute(Unknown Source)
	at com.kms.katalon.core.webui.model.SeleniumActionRetryController.performAction(SeleniumActionRetryController.java:96)
	at com.kms.katalon.core.webui.model.SeleniumActionRetryController.performAction(SeleniumActionRetryController.java:83)
	at com.kms.katalon.core.webui.keyword.internal.WebUIKeywordMain$_runKeywordUntilTimeout_closure1.doCall(WebUIKeywordMain.groovy:135)
	at com.kms.katalon.core.webui.keyword.internal.WebUIKeywordMain$_runKeywordUntilTimeout_closure1.call(WebUIKeywordMain.groovy)
	at com.kms.katalon.core.webui.keyword.internal.WebUIKeywordMain.runKeyword(WebUIKeywordMain.groovy:41)
	... 19 more


12-05-2026T14:52:26 - [TEST_STEP][PASSED] - openBrowser(""): Browser is opened with url: ''

12-05-2026T14:52:26 - [MESSAGE][INFO] - Starting 'Chrome' driver

12-05-2026T14:52:26 - [MESSAGE][INFO] - User set preference: ['args', '[--disable-features=SafeBrowsing,PasswordLeakToggleMove, --disable-notifications]']

12-05-2026T14:52:26 - [MESSAGE][INFO] - User set preference: ['prefs', '{credentials_enable_service=false, profile.password_manager_enabled=false, profile.password_manager_leak_detection=false}']

12-05-2026T14:52:26 - [MESSAGE][INFO] - Action delay is set to 0 milliseconds

12-05-2026T14:52:28 - [MESSAGE][PASSED] - Browser is opened with url: ''

12-05-2026T14:52:28 - [TEST_STEP][PASSED] - maximizeWindow(STOP_ON_FAILURE): Current window maximized

12-05-2026T14:52:28 - [MESSAGE][PASSED] - Current window maximized

12-05-2026T14:52:28 - [TEST_STEP][PASSED] - navigateToUrl("https://orange.katalon.com/web/index.php/auth/login"): Navigate to 'https://orange.katalon.com/web/index.php/auth/login' successfully

12-05-2026T14:52:31 - [MESSAGE][PASSED] - Navigate to 'https://orange.katalon.com/web/index.php/auth/login' successfully

12-05-2026T14:52:31 - [TEST_STEP][PASSED] - setText(findTestObject("OrangeHRM/Page_OrangeHRM/input_Username"), G_CureUsername): Text 'John Doe' is set on object 'Object Repository/OrangeHRM/Page_OrangeHRM/input_Username'

12-05-2026T14:52:32 - [MESSAGE][PASSED] - Text 'John Doe' is set on object 'Object Repository/OrangeHRM/Page_OrangeHRM/input_Username'

12-05-2026T14:52:32 - [TEST_STEP][FAILED] - setEncryptedText(findTestObject("OrangeHRM/Page_OrangeHRM/input_Password"), G_CurePassword): Unable to set encrypted text for object 'Object Repository/OrangeHRM/Page_OrangeHRM/input_Password' (Root cause: com.kms.katalon.core.exception.StepFailedException: Unable to set encrypted text for object 'Object Repository/OrangeHRM/Page_OrangeHRM/input_Password'
	at com.kms.katalon.core.webui.keyword.internal.WebUIKeywordMain.stepFailed(WebUIKeywordMain.groovy:177)
	at com.kms.katalon.core.webui.keyword.internal.WebUIKeywordMain.runKeyword(WebUIKeywordMain.groovy:49)
	at com.kms.katalon.core.webui.keyword.internal.WebUIKeywordMain.runKeywordUntilTimeout(WebUIKeywordMain.groovy:133)
	at com.kms.katalon.core.webui.keyword.builtin.SetEncryptedTextKeyword.setEncryptedText(SetEncryptedTextKeyword.groovy:88)
	at com.kms.katalon.core.webui.keyword.builtin.SetEncryptedTextKeyword.execute(SetEncryptedTextKeyword.groovy:48)
	at com.kms.katalon.core.keyword.internal.KeywordExecutor.executeKeywordForPlatform(KeywordExecutor.groovy:99)
	at com.kms.katalon.core.webui.keyword.WebUiBuiltInKeywords.setEncryptedText(WebUiBuiltInKeywords.groovy:1113)
	at TC003-Orange HRM Search - Second Web Application.run(TC003-Orange HRM Search - Second Web Application:28)
	at com.kms.katalon.core.main.ScriptEngine.run(ScriptEngine.java:203)
	at com.kms.katalon.core.main.ScriptEngine.runScriptAsRawText(ScriptEngine.java:115)
	at com.kms.katalon.core.main.TestCaseExecutor.runScript(TestCaseExecutor.java:504)
	at com.kms.katalon.core.main.TestCaseExecutor.doExecute(TestCaseExecutor.java:495)
	at com.kms.katalon.core.main.TestCaseExecutor.processExecutionPhase(TestCaseExecutor.java:474)
	at com.kms.katalon.core.main.TestCaseExecutor.accessMainPhase(TestCaseExecutor.java:466)
	at com.kms.katalon.core.main.TestCaseExecutor.execute(TestCaseExecutor.java:336)
	at com.kms.katalon.core.common.CommonExecutor.accessTestCaseMainPhase(CommonExecutor.java:71)
	at com.kms.katalon.core.main.TestSuiteExecutor.accessTestSuiteMainPhase(TestSuiteExecutor.java:153)
	at com.kms.katalon.core.main.TestSuiteExecutor.execute(TestSuiteExecutor.java:110)
	at com.kms.katalon.core.main.TestCaseMain.startTestSuite(TestCaseMain.java:206)
	at S0512_16.run(S0512_16.groovy:40)
	at java.base/jdk.internal.reflect.DirectMethodHandleAccessor.invoke(DirectMethodHandleAccessor.java:103)
Caused by: javax.crypto.IllegalBlockSizeException: Input length must be multiple of 8 when decrypting with padded cipher
	at java.base/com.sun.crypto.provider.CipherCore.prepareInputBuffer(CipherCore.java:890)
	at java.base/com.sun.crypto.provider.CipherCore.doFinal(CipherCore.java:729)
	at java.base/com.sun.crypto.provider.DESedeCipher.engineDoFinal(DESedeCipher.java:296)
	at com.kms.katalon.util.CryptoUtil.decode(CryptoUtil.java:86)
	at com.kms.katalon.core.webui.keyword.builtin.SetEncryptedTextKeyword$_setEncryptedText_closure1.doCall(SetEncryptedTextKeyword.groovy:66)
	at java.base/jdk.internal.reflect.DirectMethodHandleAccessor.invoke(DirectMethodHandleAccessor.java:103)
	at jdk.proxy2/jdk.proxy2.$Proxy56.execute(Unknown Source)
	at com.kms.katalon.core.webui.model.SeleniumActionRetryController.performAction(SeleniumActionRetryController.java:96)
	at com.kms.katalon.core.webui.model.SeleniumActionRetryController.performAction(SeleniumActionRetryController.java:83)
	at com.kms.katalon.core.webui.keyword.internal.WebUIKeywordMain$_runKeywordUntilTimeout_closure1.doCall(WebUIKeywordMain.groovy:135)
	at com.kms.katalon.core.webui.keyword.internal.WebUIKeywordMain$_runKeywordUntilTimeout_closure1.call(WebUIKeywordMain.groovy)
	at com.kms.katalon.core.webui.keyword.internal.WebUIKeywordMain.runKeyword(WebUIKeywordMain.groovy:41)
	at com.kms.katalon.core.webui.keyword.internal.WebUIKeywordMain.runKeywordUntilTimeout(WebUIKeywordMain.groovy:133)
	at com.kms.katalon.core.webui.keyword.builtin.SetEncryptedTextKeyword.setEncryptedText(SetEncryptedTextKeyword.groovy:88)
	at com.kms.katalon.core.webui.keyword.builtin.SetEncryptedTextKeyword.execute(SetEncryptedTextKeyword.groovy:48)
	at com.kms.katalon.core.keyword.internal.KeywordExecutor.executeKeywordForPlatform(KeywordExecutor.groovy:99)
	at com.kms.katalon.core.webui.keyword.WebUiBuiltInKeywords.setEncryptedText(WebUiBuiltInKeywords.groovy:1113)
	at Script1778577287922.run(Script1778577287922.groovy:28)
	... 13 more
)

12-05-2026T14:52:32 - [MESSAGE][FAILED] - Unable to set encrypted text for object 'Object Repository/OrangeHRM/Page_OrangeHRM/input_Password' (Root cause: com.kms.katalon.core.exception.StepFailedException: Unable to set encrypted text for object 'Object Repository/OrangeHRM/Page_OrangeHRM/input_Password'
	at com.kms.katalon.core.webui.keyword.internal.WebUIKeywordMain.stepFailed(WebUIKeywordMain.groovy:177)
	at com.kms.katalon.core.webui.keyword.internal.WebUIKeywordMain.runKeyword(WebUIKeywordMain.groovy:49)
	at com.kms.katalon.core.webui.keyword.internal.WebUIKeywordMain.runKeywordUntilTimeout(WebUIKeywordMain.groovy:133)
	at com.kms.katalon.core.webui.keyword.builtin.SetEncryptedTextKeyword.setEncryptedText(SetEncryptedTextKeyword.groovy:88)
	at com.kms.katalon.core.webui.keyword.builtin.SetEncryptedTextKeyword.execute(SetEncryptedTextKeyword.groovy:48)
	at com.kms.katalon.core.keyword.internal.KeywordExecutor.executeKeywordForPlatform(KeywordExecutor.groovy:99)
	at com.kms.katalon.core.webui.keyword.WebUiBuiltInKeywords.setEncryptedText(WebUiBuiltInKeywords.groovy:1113)
	at TC003-Orange HRM Search - Second Web Application.run(TC003-Orange HRM Search - Second Web Application:28)
	at com.kms.katalon.core.main.ScriptEngine.run(ScriptEngine.java:203)
	at com.kms.katalon.core.main.ScriptEngine.runScriptAsRawText(ScriptEngine.java:115)
	at com.kms.katalon.core.main.TestCaseExecutor.runScript(TestCaseExecutor.java:504)
	at com.kms.katalon.core.main.TestCaseExecutor.doExecute(TestCaseExecutor.java:495)
	at com.kms.katalon.core.main.TestCaseExecutor.processExecutionPhase(TestCaseExecutor.java:474)
	at com.kms.katalon.core.main.TestCaseExecutor.accessMainPhase(TestCaseExecutor.java:466)
	at com.kms.katalon.core.main.TestCaseExecutor.execute(TestCaseExecutor.java:336)
	at com.kms.katalon.core.common.CommonExecutor.accessTestCaseMainPhase(CommonExecutor.java:71)
	at com.kms.katalon.core.main.TestSuiteExecutor.accessTestSuiteMainPhase(TestSuiteExecutor.java:153)
	at com.kms.katalon.core.main.TestSuiteExecutor.execute(TestSuiteExecutor.java:110)
	at com.kms.katalon.core.main.TestCaseMain.startTestSuite(TestCaseMain.java:206)
	at S0512_16.run(S0512_16.groovy:40)
	at java.base/jdk.internal.reflect.DirectMethodHandleAccessor.invoke(DirectMethodHandleAccessor.java:103)
Caused by: javax.crypto.IllegalBlockSizeException: Input length must be multiple of 8 when decrypting with padded cipher
	at java.base/com.sun.crypto.provider.CipherCore.prepareInputBuffer(CipherCore.java:890)
	at java.base/com.sun.crypto.provider.CipherCore.doFinal(CipherCore.java:729)
	at java.base/com.sun.crypto.provider.DESedeCipher.engineDoFinal(DESedeCipher.java:296)
	at com.kms.katalon.util.CryptoUtil.decode(CryptoUtil.java:86)
	at com.kms.katalon.core.webui.keyword.builtin.SetEncryptedTextKeyword$_setEncryptedText_closure1.doCall(SetEncryptedTextKeyword.groovy:66)
	at java.base/jdk.internal.reflect.DirectMethodHandleAccessor.invoke(DirectMethodHandleAccessor.java:103)
	at jdk.proxy2/jdk.proxy2.$Proxy56.execute(Unknown Source)
	at com.kms.katalon.core.webui.model.SeleniumActionRetryController.performAction(SeleniumActionRetryController.java:96)
	at com.kms.katalon.core.webui.model.SeleniumActionRetryController.performAction(SeleniumActionRetryController.java:83)
	at com.kms.katalon.core.webui.keyword.internal.WebUIKeywordMain$_runKeywordUntilTimeout_closure1.doCall(WebUIKeywordMain.groovy:135)
	at com.kms.katalon.core.webui.keyword.internal.WebUIKeywordMain$_runKeywordUntilTimeout_closure1.call(WebUIKeywordMain.groovy)
	at com.kms.katalon.core.webui.keyword.internal.WebUIKeywordMain.runKeyword(WebUIKeywordMain.groovy:41)
	at com.kms.katalon.core.webui.keyword.internal.WebUIKeywordMain.runKeywordUntilTimeout(WebUIKeywordMain.groovy:133)
	at com.kms.katalon.core.webui.keyword.builtin.SetEncryptedTextKeyword.setEncryptedText(SetEncryptedTextKeyword.groovy:88)
	at com.kms.katalon.core.webui.keyword.builtin.SetEncryptedTextKeyword.execute(SetEncryptedTextKeyword.groovy:48)
	at com.kms.katalon.core.keyword.internal.KeywordExecutor.executeKeywordForPlatform(KeywordExecutor.groovy:99)
	at com.kms.katalon.core.webui.keyword.WebUiBuiltInKeywords.setEncryptedText(WebUiBuiltInKeywords.groovy:1113)
	at Script1778577287922.run(Script1778577287922.groovy:28)
	... 13 more
)
[[ATTACHMENT|/Users/mohit/git/Ramco-katalon-sample/Reports/20260512_145216/HybridTestSuite/Sample test execuition for Two Web Application/20260512_145217/1778577752413.png]]]]></system-out>
         <system-err><![CDATA[12-05-2026T14:52:26 - [TEST_CASE][FAILED] - Test Cases/OrangeHRM/TC003-Orange HRM Search - Second Web Application: Test Cases/OrangeHRM/TC003-Orange HRM Search - Second Web Application FAILED.
Reason:
com.kms.katalon.core.exception.StepFailedException: Unable to set encrypted text for object 'Object Repository/OrangeHRM/Page_OrangeHRM/input_Password'
	at com.kms.katalon.core.webui.keyword.internal.WebUIKeywordMain.stepFailed(WebUIKeywordMain.groovy:177)
	at com.kms.katalon.core.webui.keyword.internal.WebUIKeywordMain.runKeyword(WebUIKeywordMain.groovy:49)
	at com.kms.katalon.core.webui.keyword.internal.WebUIKeywordMain.runKeywordUntilTimeout(WebUIKeywordMain.groovy:133)
	at com.kms.katalon.core.webui.keyword.builtin.SetEncryptedTextKeyword.setEncryptedText(SetEncryptedTextKeyword.groovy:88)
	at com.kms.katalon.core.webui.keyword.builtin.SetEncryptedTextKeyword.execute(SetEncryptedTextKeyword.groovy:48)
	at com.kms.katalon.core.keyword.internal.KeywordExecutor.executeKeywordForPlatform(KeywordExecutor.groovy:99)
	at com.kms.katalon.core.webui.keyword.WebUiBuiltInKeywords.setEncryptedText(WebUiBuiltInKeywords.groovy:1113)
	at TC003-Orange HRM Search - Second Web Application.run(TC003-Orange HRM Search - Second Web Application:28)
	at com.kms.katalon.core.main.ScriptEngine.run(ScriptEngine.java:203)
	at com.kms.katalon.core.main.ScriptEngine.runScriptAsRawText(ScriptEngine.java:115)
	at com.kms.katalon.core.main.TestCaseExecutor.runScript(TestCaseExecutor.java:504)
	at com.kms.katalon.core.main.TestCaseExecutor.doExecute(TestCaseExecutor.java:495)
	at com.kms.katalon.core.main.TestCaseExecutor.processExecutionPhase(TestCaseExecutor.java:474)
	at com.kms.katalon.core.main.TestCaseExecutor.accessMainPhase(TestCaseExecutor.java:466)
	at com.kms.katalon.core.main.TestCaseExecutor.execute(TestCaseExecutor.java:336)
	at com.kms.katalon.core.common.CommonExecutor.accessTestCaseMainPhase(CommonExecutor.java:71)
	at com.kms.katalon.core.main.TestSuiteExecutor.accessTestSuiteMainPhase(TestSuiteExecutor.java:153)
	at com.kms.katalon.core.main.TestSuiteExecutor.execute(TestSuiteExecutor.java:110)
	at com.kms.katalon.core.main.TestCaseMain.startTestSuite(TestCaseMain.java:206)
	at S0512_16.run(S0512_16.groovy:40)
	at java.base/jdk.internal.reflect.DirectMethodHandleAccessor.invoke(DirectMethodHandleAccessor.java:103)
Caused by: javax.crypto.IllegalBlockSizeException: Input length must be multiple of 8 when decrypting with padded cipher
	at java.base/com.sun.crypto.provider.CipherCore.prepareInputBuffer(CipherCore.java:890)
	at java.base/com.sun.crypto.provider.CipherCore.doFinal(CipherCore.java:729)
	at java.base/com.sun.crypto.provider.DESedeCipher.engineDoFinal(DESedeCipher.java:296)
	at com.kms.katalon.util.CryptoUtil.decode(CryptoUtil.java:86)
	at com.kms.katalon.core.webui.keyword.builtin.SetEncryptedTextKeyword$_setEncryptedText_closure1.doCall(SetEncryptedTextKeyword.groovy:66)
	at java.base/jdk.internal.reflect.DirectMethodHandleAccessor.invoke(DirectMethodHandleAccessor.java:103)
	at jdk.proxy2/jdk.proxy2.$Proxy56.execute(Unknown Source)
	at com.kms.katalon.core.webui.model.SeleniumActionRetryController.performAction(SeleniumActionRetryController.java:96)
	at com.kms.katalon.core.webui.model.SeleniumActionRetryController.performAction(SeleniumActionRetryController.java:83)
	at com.kms.katalon.core.webui.keyword.internal.WebUIKeywordMain$_runKeywordUntilTimeout_closure1.doCall(WebUIKeywordMain.groovy:135)
	at com.kms.katalon.core.webui.keyword.internal.WebUIKeywordMain$_runKeywordUntilTimeout_closure1.call(WebUIKeywordMain.groovy)
	at com.kms.katalon.core.webui.keyword.internal.WebUIKeywordMain.runKeyword(WebUIKeywordMain.groovy:41)
	... 19 more]]></system-err>
      </testcase>
      <system-out><![CDATA[12-05-2026T14:52:19 - [TEST_SUITE][FAILED] - Sample test execuition for Two Web Application: null]]></system-out>
      <system-err><![CDATA[12-05-2026T14:52:19 - [TEST_SUITE][FAILED] - Sample test execuition for Two Web Application: null]]></system-err>
   </testsuite>
</testsuites>
