<?xml version="1.0" encoding="UTF-8"?>
<testsuites name="TS002_Smoke Test for HealthCare" time="7.073" tests="1" passed="1" failures="0" errors="0" incompleted="0" skipped="0">
   <testsuite name="TS002_Smoke Test for HealthCare" tests="1" passed="1" failures="0" errors="0" incompleted="0" skipped="0" time="7.073" timestamp="2026-05-12T09:42:23.908Z" hostname="mohit - 192.168.29.170" id="Test Suites/TS002_Smoke Test for HealthCare" status="PASSED">
      <properties>
         <property name="deviceName" value=""/>
         <property name="devicePlatform"/>
         <property name="logFolder" value="/Users/mohit/git/Ramco-katalon-sample/Reports/20260512_151221/TS002_Smoke Test for HealthCare/20260512_151221"/>
         <property name="logFiles" value="/Users/mohit/git/Ramco-katalon-sample/Reports/20260512_151221/TS002_Smoke Test for HealthCare/20260512_151221/execution0.log, /Users/mohit/git/Ramco-katalon-sample/Reports/20260512_151221/TS002_Smoke Test for HealthCare/20260512_151221/console0.log"/>
         <property name="attachments" value=""/>
         <property name="executionBindingVariables" value="[]"/>
         <property name="hostName" value="mohit - 192.168.29.170"/>
         <property name="os" value="Mac OS X 64bit"/>
         <property name="katalonVersion" value="11.1.3.0"/>
         <property name="browser" value="Chrome 148.0.7778.97"/>
         <property name="userFullName" value="Mohit Kumar"/>
         <property name="hostAddress" value="192.168.29.170"/>
         <property name="sessionId" value="023ef92faa28af96798d277aae9908a7"/>
         <property name="projectName" value="Ramco-katalon-sample"/>
         <property name="seleniumVersion" value="4.39.0"/>
         <property name="proxyInformation" value="ProxyInformation { proxyOption=NO_PROXY, proxyServerType=HTTP, username=, password=********, proxyServerAddress=, proxyServerPort=0, executionList=&quot;&quot;, isApplyToDesiredCapabilities=true }"/>
         <property name="platform" value="Mac OS X"/>
      </properties>
      <testcase name="Test Cases/HealthCare/TC002_CureHealthCare - First Web Application" time="7.029" classname="Test Cases/HealthCare/TC002_CureHealthCare - First Web Application" status="PASSED">
         <system-out><![CDATA[12-05-2026T15:12:23 - [TEST_CASE][PASSED] - Test Cases/HealthCare/TC002_CureHealthCare - First Web Application: Test Cases/HealthCare/TC002_CureHealthCare - First Web Application

12-05-2026T15:12:24 - [TEST_STEP][PASSED] - openBrowser(""): Browser is opened with url: ''

12-05-2026T15:12:24 - [MESSAGE][INFO] - Starting 'Chrome' driver

12-05-2026T15:12:24 - [MESSAGE][INFO] - User set preference: ['args', '[--disable-features=SafeBrowsing,PasswordLeakToggleMove, --disable-notifications]']

12-05-2026T15:12:24 - [MESSAGE][INFO] - User set preference: ['prefs', '{credentials_enable_service=false, profile.password_manager_enabled=false, profile.password_manager_leak_detection=false}']

12-05-2026T15:12:24 - [MESSAGE][INFO] - Action delay is set to 0 milliseconds

12-05-2026T15:12:25 - [MESSAGE][PASSED] - Browser is opened with url: ''

12-05-2026T15:12:25 - [TEST_STEP][PASSED] - maximizeWindow(): Current window maximized

12-05-2026T15:12:26 - [MESSAGE][PASSED] - Current window maximized

12-05-2026T15:12:26 - [TEST_STEP][PASSED] - navigateToUrl("https://katalon-demo-cura.herokuapp.com/"): Navigate to 'https://katalon-demo-cura.herokuapp.com/' successfully

12-05-2026T15:12:29 - [MESSAGE][PASSED] - Navigate to 'https://katalon-demo-cura.herokuapp.com/' successfully

12-05-2026T15:12:29 - [TEST_STEP][PASSED] - click(findTestObject("CureHealthCare/Page_CURA Healthcare Service/h3_We Care About Your Health")): Object: 'Object Repository/CureHealthCare/Page_CURA Healthcare Service/h3_We Care About Your Health' is clicked on

12-05-2026T15:12:29 - [MESSAGE][PASSED] - Object: 'Object Repository/CureHealthCare/Page_CURA Healthcare Service/h3_We Care About Your Health' is clicked on

12-05-2026T15:12:29 - [TEST_STEP][PASSED] - verifyElementText(findTestObject("CureHealthCare/Page_CURA Healthcare Service/h3_We Care About Your Health"), "We Care About Your Health"): Actual text and expected text of test object 'Object Repository/CureHealthCare/Page_CURA Healthcare Service/h3_We Care About Your Health' are matched.

12-05-2026T15:12:29 - [MESSAGE][PASSED] - Actual text and expected text of test object 'Object Repository/CureHealthCare/Page_CURA Healthcare Service/h3_We Care About Your Health' are matched.

12-05-2026T15:12:29 - [TEST_STEP][PASSED] - click(findTestObject("CureHealthCare/Page_CURA Healthcare Service/a_btn-make-appointment")): Object: 'Object Repository/CureHealthCare/Page_CURA Healthcare Service/a_btn-make-appointment' is clicked on

12-05-2026T15:12:30 - [MESSAGE][PASSED] - Object: 'Object Repository/CureHealthCare/Page_CURA Healthcare Service/a_btn-make-appointment' is clicked on

12-05-2026T15:12:30 - [TEST_STEP][PASSED] - strUsername = getAttribute(findTestObject("CureHealthCare/Page_CURA Healthcare Service/input_Username"), "value"): Attribute 'value' of object 'Object Repository/CureHealthCare/Page_CURA Healthcare Service/input_Username' is: 'John Doe'

12-05-2026T15:12:30 - [MESSAGE][PASSED] - Attribute 'value' of object 'Object Repository/CureHealthCare/Page_CURA Healthcare Service/input_Username' is: 'John Doe'

12-05-2026T15:12:30 - [TEST_STEP][PASSED] - G_CureUsername = strUsername: null

12-05-2026T15:12:30 - [TEST_STEP][PASSED] - comment(strUsername): John Doe

12-05-2026T15:12:30 - [MESSAGE][INFO] - John Doe

12-05-2026T15:12:30 - [TEST_STEP][PASSED] - strPassword = getAttribute(findTestObject("CureHealthCare/Page_CURA Healthcare Service/input_Password"), "value"): Attribute 'value' of object 'Object Repository/CureHealthCare/Page_CURA Healthcare Service/input_Password' is: 'ThisIsNotAPassword'

12-05-2026T15:12:30 - [MESSAGE][PASSED] - Attribute 'value' of object 'Object Repository/CureHealthCare/Page_CURA Healthcare Service/input_Password' is: 'ThisIsNotAPassword'

12-05-2026T15:12:30 - [TEST_STEP][PASSED] - G_CurePassword = strPassword: null

12-05-2026T15:12:30 - [TEST_STEP][PASSED] - comment(strPassword): ThisIsNotAPassword

12-05-2026T15:12:30 - [MESSAGE][INFO] - ThisIsNotAPassword

12-05-2026T15:12:30 - [TEST_STEP][PASSED] - closeBrowser(): Browser is closed

12-05-2026T15:12:30 - [MESSAGE][PASSED] - Browser is closed]]></system-out>
         <system-err><![CDATA[]]></system-err>
      </testcase>
      <system-out><![CDATA[12-05-2026T15:12:23 - [TEST_SUITE][PASSED] - TS002_Smoke Test for HealthCare: null]]></system-out>
      <system-err><![CDATA[]]></system-err>
   </testsuite>
</testsuites>
