<?xml version="1.0" encoding="UTF-8"?>
<testsuites name="TS001_DataDrivenTest" time="60.999" tests="2" passed="2" failures="0" errors="0" incompleted="0" skipped="0">
   <testsuite name="TS001_DataDrivenTest" tests="2" passed="2" failures="0" errors="0" incompleted="0" skipped="0" time="60.999" timestamp="2026-05-12T09:02:27.473Z" hostname="mohit - 192.168.29.170" id="Test Suites/TS001_DataDrivenTest" status="PASSED">
      <properties>
[...]
</properties>
      <testcase name="Test Cases/OrangeHRM/TC001-Orange HRM Search - Datadriven Test" time="20.213" classname="Test Cases/OrangeHRM/TC001-Orange HRM Search - Datadriven Test" status="PASSED">
         <properties>
            <property name="data_binding"><![CDATA[{"ApplicationUrl":"https://orange.katalon.com/web/index.php/auth/login","LoginUser":"mohit.kumar","LoginPassword":"********"}]]></property>
         </properties>
         <system-out><![CDATA[12-05-2026T14:32:27 - [TEST_CASE][PASSED] - Test Cases/OrangeHRM/TC001-Orange HRM Search - Datadriven Test: Test Cases/OrangeHRM/TC001-Orange HRM Search - Datadriven Test

12-05-2026T14:32:27 - [TEST_STEP][PASSED] - openBrowser(""): Browser is opened with url: ''

12-05-2026T14:32:27 - [MESSAGE][INFO] - Starting 'Chrome' driver

12-05-2026T14:32:27 - [MESSAGE][INFO] - User set preference: ['args', '[--disable-features=SafeBrowsing,PasswordLeakToggleMove, --disable-notifications]']

12-05-2026T14:32:27 - [MESSAGE][INFO] - User set preference: ['prefs', '{credentials_enable_service=false, profile.password_manager_enabled=false, profile.password_manager_leak_detection=false}']

12-05-2026T14:32:27 - [MESSAGE][INFO] - Action delay is set to 0 milliseconds

12-05-2026T14:32:29 - [MESSAGE][PASSED] - Browser is opened with url: ''

12-05-2026T14:32:29 - [TEST_STEP][PASSED] - maximizeWindow(STOP_ON_FAILURE): Current window maximized

12-05-2026T14:32:30 - [MESSAGE][PASSED] - Current window maximized

12-05-2026T14:32:30 - [TEST_STEP][PASSED] - navigateToUrl(ApplicationUrl): Navigate to 'https://orange.katalon.com/web/index.php/auth/login' successfully

12-05-2026T14:32:32 - [MESSAGE][PASSED] - Navigate to 'https://orange.katalon.com/web/index.php/auth/login' successfully

12-05-2026T14:32:32 - [TEST_STEP][PASSED] - setText(findTestObject("OrangeHRM/Page_OrangeHRM/input_Username"), LoginUser): Text 'mohit.kumar' is set on object 'Object Repository/OrangeHRM/Page_OrangeHRM/input_Username'

12-05-2026T14:32:33 - [MESSAGE][PASSED] - Text 'mohit.kumar' is set on object 'Object Repository/OrangeHRM/Page_OrangeHRM/input_Username'

12-05-2026T14:32:33 - [TEST_STEP][PASSED] - setEncryptedText(findTestObject("OrangeHRM/Page_OrangeHRM/input_Password"), LoginPassword): Text ****** has been set on object 'Object Repository/OrangeHRM/Page_OrangeHRM/input_Password'

12-05-2026T14:32:33 - [MESSAGE][PASSED] - Text ****** has been set on object 'Object Repository/OrangeHRM/Page_OrangeHRM/input_Password'

12-05-2026T14:32:33 - [TEST_STEP][PASSED] - click(findTestObject("OrangeHRM/Page_OrangeHRM/button_Login")): Object: 'Object Repository/OrangeHRM/Page_OrangeHRM/button_Login' is clicked on

12-05-2026T14:32:34 - [MESSAGE][PASSED] - Object: 'Object Repository/OrangeHRM/Page_OrangeHRM/button_Login' is clicked on

12-05-2026T14:32:34 - [TEST_STEP][PASSED] - click(findTestObject("OrangeHRM/Page_OrangeHRM/span_Admin")): Object: 'Object Repository/OrangeHRM/Page_OrangeHRM/span_Admin' is clicked on

12-05-2026T14:32:36 - [MESSAGE][PASSED] - Object: 'Object Repository/OrangeHRM/Page_OrangeHRM/span_Admin' is clicked on

12-05-2026T14:32:36 - [TEST_STEP][PASSED] - setText(findTestObject("OrangeHRM/Page_OrangeHRM/input_oxd-input oxd-input-active"), "mohit kumar"): Text 'mohit kumar' is set on object 'Object Repository/OrangeHRM/Page_OrangeHRM/input_oxd-input oxd-input-active'

12-05-2026T14:32:37 - [MESSAGE][PASSED] - Text 'mohit kumar' is set on object 'Object Repository/OrangeHRM/Page_OrangeHRM/input_oxd-input oxd-input-active'

12-05-2026T14:32:37 - [TEST_STEP][PASSED] - waitForElementPresent(findTestObject("OrangeHRM/Page_OrangeHRM/h5_System Users"), 10): Object 'Object Repository/OrangeHRM/Page_OrangeHRM/h5_System Users' is present

12-05-2026T14:32:37 - [MESSAGE][PASSED] - Object 'Object Repository/OrangeHRM/Page_OrangeHRM/h5_System Users' is present

12-05-2026T14:32:37 - [TEST_STEP][PASSED] - verifyElementText(findTestObject("OrangeHRM/Page_OrangeHRM/h5_System Users"), "System Users"): Actual text and expected text of test object 'Object Repository/OrangeHRM/Page_OrangeHRM/h5_System Users' are matched.

12-05-2026T14:32:38 - [MESSAGE][PASSED] - Actual text and expected text of test object 'Object Repository/OrangeHRM/Page_OrangeHRM/h5_System Users' are matched.

12-05-2026T14:32:38 - [TEST_STEP][PASSED] - waitForElementPresent(findTestObject("OrangeHRM/Page_OrangeHRM/h5_System Users"), 10): Object 'Object Repository/OrangeHRM/Page_OrangeHRM/h5_System Users' is present

12-05-2026T14:32:38 - [MESSAGE][PASSED] - Object 'Object Repository/OrangeHRM/Page_OrangeHRM/h5_System Users' is present

12-05-2026T14:32:38 - [TEST_STEP][PASSED] - click(findTestObject("OrangeHRM/Page_OrangeHRM/button_Search")): Object: 'Object Repository/OrangeHRM/Page_OrangeHRM/button_Search' is clicked on

12-05-2026T14:32:38 - [MESSAGE][PASSED] - Object: 'Object Repository/OrangeHRM/Page_OrangeHRM/button_Search' is clicked on

12-05-2026T14:32:38 - [TEST_STEP][PASSED] - waitForElementPresent(findTestObject("OrangeHRM/Page_OrangeHRM/span_No Records Found"), 10): Object 'Object Repository/OrangeHRM/Page_OrangeHRM/span_No Records Found' is present

12-05-2026T14:32:39 - [MESSAGE][PASSED] - Object 'Object Repository/OrangeHRM/Page_OrangeHRM/span_No Records Found' is present

12-05-2026T14:32:39 - [TEST_STEP][PASSED] - verifyElementText(findTestObject("OrangeHRM/Page_OrangeHRM/span_No Records Found"), "No Records Found"): Actual text and expected text of test object 'Object Repository/OrangeHRM/Page_OrangeHRM/span_No Records Found' are matched.

12-05-2026T14:32:39 - [MESSAGE][PASSED] - Actual text and expected text of test object 'Object Repository/OrangeHRM/Page_OrangeHRM/span_No Records Found' are matched.

12-05-2026T14:32:39 - [TEST_STEP][PASSED] - click(findTestObject("OrangeHRM/Page_OrangeHRM/span_Leave")): Object: 'Object Repository/OrangeHRM/Page_OrangeHRM/span_Leave' is clicked on

12-05-2026T14:32:40 - [MESSAGE][PASSED] - Object: 'Object Repository/OrangeHRM/Page_OrangeHRM/span_Leave' is clicked on

12-05-2026T14:32:40 - [TEST_STEP][PASSED] - waitForElementPresent(findTestObject("OrangeHRM/Page_OrangeHRM/h5_Leave List"), 10): Object 'Object Repository/OrangeHRM/Page_OrangeHRM/h5_Leave List' is present

12-05-2026T14:32:41 - [MESSAGE][PASSED] - Object 'Object Repository/OrangeHRM/Page_OrangeHRM/h5_Leave List' is present

12-05-2026T14:32:41 - [TEST_STEP][PASSED] - verifyElementText(findTestObject("OrangeHRM/Page_OrangeHRM/h5_Leave List"), "Leave List"): Actual text and expected text of test object 'Object Repository/OrangeHRM/Page_OrangeHRM/h5_Leave List' are matched.

12-05-2026T14:32:41 - [MESSAGE][PASSED] - Actual text and expected text of test object 'Object Repository/OrangeHRM/Page_OrangeHRM/h5_Leave List' are matched.

12-05-2026T14:32:41 - [TEST_STEP][PASSED] - click(findTestObject("OrangeHRM/Page_OrangeHRM/span_Time")): Object: 'Object Repository/OrangeHRM/Page_OrangeHRM/span_Time' is clicked on

12-05-2026T14:32:42 - [MESSAGE][PASSED] - Object: 'Object Repository/OrangeHRM/Page_OrangeHRM/span_Time' is clicked on

12-05-2026T14:32:42 - [TEST_STEP][PASSED] - waitForElementPresent(findTestObject("OrangeHRM/Page_OrangeHRM/h6_Select Employee"), 10): Object 'Object Repository/OrangeHRM/Page_OrangeHRM/h6_Select Employee' is present

12-05-2026T14:32:43 - [MESSAGE][PASSED] - Object 'Object Repository/OrangeHRM/Page_OrangeHRM/h6_Select Employee' is present

12-05-2026T14:32:43 - [TEST_STEP][PASSED] - verifyElementText(findTestObject("OrangeHRM/Page_OrangeHRM/h6_Select Employee"), "Select Employee"): Actual text and expected text of test object 'Object Repository/OrangeHRM/Page_OrangeHRM/h6_Select Employee' are matched.

12-05-2026T14:32:43 - [MESSAGE][PASSED] - Actual text and expected text of test object 'Object Repository/OrangeHRM/Page_OrangeHRM/h6_Select Employee' are matched.

12-05-2026T14:32:43 - [TEST_STEP][PASSED] - click(findTestObject("OrangeHRM/Page_OrangeHRM/span_My Info")): Object: 'Object Repository/OrangeHRM/Page_OrangeHRM/span_My Info' is clicked on

12-05-2026T14:32:44 - [MESSAGE][PASSED] - Object: 'Object Repository/OrangeHRM/Page_OrangeHRM/span_My Info' is clicked on

12-05-2026T14:32:44 - [TEST_STEP][PASSED] - waitForElementPresent(findTestObject("OrangeHRM/Page_OrangeHRM/h6_Personal Details"), 10): Object 'Object Repository/OrangeHRM/Page_OrangeHRM/h6_Personal Details' is present

12-05-2026T14:32:45 - [MESSAGE][PASSED] - Object 'Object Repository/OrangeHRM/Page_OrangeHRM/h6_Personal Details' is present

12-05-2026T14:32:45 - [TEST_STEP][PASSED] - verifyElementText(findTestObject("OrangeHRM/Page_OrangeHRM/h6_Personal Details"), "Personal Details"): Actual text and expected text of test object 'Object Repository/OrangeHRM/Page_OrangeHRM/h6_Personal Details' are matched.

12-05-2026T14:32:45 - [MESSAGE][PASSED] - Actual text and expected text of test object 'Object Repository/OrangeHRM/Page_OrangeHRM/h6_Personal Details' are matched.

12-05-2026T14:32:45 - [TEST_STEP][PASSED] - click(findTestObject("OrangeHRM/Page_OrangeHRM/span_Maintenance")): Object: 'Object Repository/OrangeHRM/Page_OrangeHRM/span_Maintenance' is clicked on

12-05-2026T14:32:46 - [MESSAGE][PASSED] - Object: 'Object Repository/OrangeHRM/Page_OrangeHRM/span_Maintenance' is clicked on

12-05-2026T14:32:46 - [TEST_STEP][PASSED] - waitForElementPresent(findTestObject("OrangeHRM/Page_OrangeHRM/h6_Administrator Access"), 10): Object 'Object Repository/OrangeHRM/Page_OrangeHRM/h6_Administrator Access' is present

12-05-2026T14:32:47 - [MESSAGE][PASSED] - Object 'Object Repository/OrangeHRM/Page_OrangeHRM/h6_Administrator Access' is present

12-05-2026T14:32:47 - [TEST_STEP][PASSED] - verifyElementText(findTestObject("OrangeHRM/Page_OrangeHRM/h6_Administrator Access"), "Administrator Access"): Actual text and expected text of test object 'Object Repository/OrangeHRM/Page_OrangeHRM/h6_Administrator Access' are matched.

12-05-2026T14:32:47 - [MESSAGE][PASSED] - Actual text and expected text of test object 'Object Repository/OrangeHRM/Page_OrangeHRM/h6_Administrator Access' are matched.

12-05-2026T14:32:47 - [TEST_STEP][PASSED] - closeBrowser(STOP_ON_FAILURE): Browser is closed

12-05-2026T14:32:47 - [MESSAGE][PASSED] - Browser is closed]]></system-out>
         <system-err><![CDATA[]]></system-err>
      </testcase>
      <testcase name="Test Cases/OrangeHRM/TC001-Orange HRM Search - Datadriven Test" time="40.719" classname="Test Cases/OrangeHRM/TC001-Orange HRM Search - Datadriven Test" status="PASSED">
         <properties>
            <property name="data_binding"><![CDATA[{"ApplicationUrl":"https://opensource-demo.orangehrmlive.com/web/index.php/auth/login","LoginUser":"Admin","LoginPassword":"********"}]]></property>
         </properties>
         <system-out><![CDATA[12-05-2026T14:32:47 - [TEST_CASE][PASSED] - Test Cases/OrangeHRM/TC001-Orange HRM Search - Datadriven Test: Test Cases/OrangeHRM/TC001-Orange HRM Search - Datadriven Test

12-05-2026T14:32:47 - [TEST_STEP][PASSED] - openBrowser(""): Browser is opened with url: ''

12-05-2026T14:32:47 - [MESSAGE][INFO] - Starting 'Chrome' driver

12-05-2026T14:32:47 - [MESSAGE][INFO] - User set preference: ['args', '[--disable-features=SafeBrowsing,PasswordLeakToggleMove, --disable-notifications]']

12-05-2026T14:32:47 - [MESSAGE][INFO] - User set preference: ['prefs', '{credentials_enable_service=false, profile.password_manager_enabled=false, profile.password_manager_leak_detection=false}']

12-05-2026T14:32:47 - [MESSAGE][INFO] - Action delay is set to 0 milliseconds

12-05-2026T14:32:48 - [MESSAGE][PASSED] - Browser is opened with url: ''

12-05-2026T14:32:48 - [TEST_STEP][PASSED] - maximizeWindow(STOP_ON_FAILURE): Current window maximized

12-05-2026T14:32:49 - [MESSAGE][PASSED] - Current window maximized

12-05-2026T14:32:49 - [TEST_STEP][PASSED] - navigateToUrl(ApplicationUrl): Navigate to 'https://opensource-demo.orangehrmlive.com/web/index.php/auth/login' successfully

12-05-2026T14:32:52 - [MESSAGE][PASSED] - Navigate to 'https://opensource-demo.orangehrmlive.com/web/index.php/auth/login' successfully

12-05-2026T14:32:52 - [TEST_STEP][PASSED] - setText(findTestObject("OrangeHRM/Page_OrangeHRM/input_Username"), LoginUser): Text 'Admin' is set on object 'Object Repository/OrangeHRM/Page_OrangeHRM/input_Username'

12-05-2026T14:32:54 - [MESSAGE][PASSED] - Text 'Admin' is set on object 'Object Repository/OrangeHRM/Page_OrangeHRM/input_Username'

12-05-2026T14:32:54 - [TEST_STEP][PASSED] - setEncryptedText(findTestObject("OrangeHRM/Page_OrangeHRM/input_Password"), LoginPassword): Text ****** has been set on object 'Object Repository/OrangeHRM/Page_OrangeHRM/input_Password'

12-05-2026T14:32:54 - [MESSAGE][PASSED] - Text ****** has been set on object 'Object Repository/OrangeHRM/Page_OrangeHRM/input_Password'

12-05-2026T14:32:54 - [TEST_STEP][PASSED] - click(findTestObject("OrangeHRM/Page_OrangeHRM/button_Login")): Object: 'Object Repository/OrangeHRM/Page_OrangeHRM/button_Login' is clicked on

12-05-2026T14:32:59 - [MESSAGE][PASSED] - Object: 'Object Repository/OrangeHRM/Page_OrangeHRM/button_Login' is clicked on

12-05-2026T14:32:59 - [TEST_STEP][PASSED] - click(findTestObject("OrangeHRM/Page_OrangeHRM/span_Admin")): Object: 'Object Repository/OrangeHRM/Page_OrangeHRM/span_Admin' is clicked on

12-05-2026T14:33:09 - [MESSAGE][PASSED] - Object: 'Object Repository/OrangeHRM/Page_OrangeHRM/span_Admin' is clicked on

12-05-2026T14:33:09 - [TEST_STEP][PASSED] - setText(findTestObject("OrangeHRM/Page_OrangeHRM/input_oxd-input oxd-input-active"), "mohit kumar"): Text 'mohit kumar' is set on object 'Object Repository/OrangeHRM/Page_OrangeHRM/input_oxd-input oxd-input-active'

12-05-2026T14:33:13 - [MESSAGE][PASSED] - Text 'mohit kumar' is set on object 'Object Repository/OrangeHRM/Page_OrangeHRM/input_oxd-input oxd-input-active'

12-05-2026T14:33:13 - [TEST_STEP][PASSED] - waitForElementPresent(findTestObject("OrangeHRM/Page_OrangeHRM/h5_System Users"), 10): Object 'Object Repository/OrangeHRM/Page_OrangeHRM/h5_System Users' is present

12-05-2026T14:33:13 - [MESSAGE][PASSED] - Object 'Object Repository/OrangeHRM/Page_OrangeHRM/h5_System Users' is present

12-05-2026T14:33:13 - [TEST_STEP][PASSED] - verifyElementText(findTestObject("OrangeHRM/Page_OrangeHRM/h5_System Users"), "System Users"): Actual text and expected text of test object 'Object Repository/OrangeHRM/Page_OrangeHRM/h5_System Users' are matched.

12-05-2026T14:33:14 - [MESSAGE][PASSED] - Actual text and expected text of test object 'Object Repository/OrangeHRM/Page_OrangeHRM/h5_System Users' are matched.

12-05-2026T14:33:14 - [TEST_STEP][PASSED] - waitForElementPresent(findTestObject("OrangeHRM/Page_OrangeHRM/h5_System Users"), 10): Object 'Object Repository/OrangeHRM/Page_OrangeHRM/h5_System Users' is present

12-05-2026T14:33:14 - [MESSAGE][PASSED] - Object 'Object Repository/OrangeHRM/Page_OrangeHRM/h5_System Users' is present

12-05-2026T14:33:14 - [TEST_STEP][PASSED] - click(findTestObject("OrangeHRM/Page_OrangeHRM/button_Search")): Object: 'Object Repository/OrangeHRM/Page_OrangeHRM/button_Search' is clicked on

12-05-2026T14:33:14 - [MESSAGE][PASSED] - Object: 'Object Repository/OrangeHRM/Page_OrangeHRM/button_Search' is clicked on

12-05-2026T14:33:14 - [TEST_STEP][PASSED] - waitForElementPresent(findTestObject("OrangeHRM/Page_OrangeHRM/span_No Records Found"), 10): Object 'Object Repository/OrangeHRM/Page_OrangeHRM/span_No Records Found' is present

12-05-2026T14:33:15 - [MESSAGE][PASSED] - Object 'Object Repository/OrangeHRM/Page_OrangeHRM/span_No Records Found' is present

12-05-2026T14:33:15 - [TEST_STEP][PASSED] - verifyElementText(findTestObject("OrangeHRM/Page_OrangeHRM/span_No Records Found"), "No Records Found"): Actual text and expected text of test object 'Object Repository/OrangeHRM/Page_OrangeHRM/span_No Records Found' are matched.

12-05-2026T14:33:15 - [MESSAGE][PASSED] - Actual text and expected text of test object 'Object Repository/OrangeHRM/Page_OrangeHRM/span_No Records Found' are matched.

12-05-2026T14:33:15 - [TEST_STEP][PASSED] - click(findTestObject("OrangeHRM/Page_OrangeHRM/span_Leave")): Object: 'Object Repository/OrangeHRM/Page_OrangeHRM/span_Leave' is clicked on

12-05-2026T14:33:16 - [MESSAGE][PASSED] - Object: 'Object Repository/OrangeHRM/Page_OrangeHRM/span_Leave' is clicked on

12-05-2026T14:33:16 - [TEST_STEP][PASSED] - waitForElementPresent(findTestObject("OrangeHRM/Page_OrangeHRM/h5_Leave List"), 10): Object 'Object Repository/OrangeHRM/Page_OrangeHRM/h5_Leave List' is present

12-05-2026T14:33:19 - [MESSAGE][PASSED] - Object 'Object Repository/OrangeHRM/Page_OrangeHRM/h5_Leave List' is present

12-05-2026T14:33:19 - [TEST_STEP][PASSED] - verifyElementText(findTestObject("OrangeHRM/Page_OrangeHRM/h5_Leave List"), "Leave List"): Actual text and expected text of test object 'Object Repository/OrangeHRM/Page_OrangeHRM/h5_Leave List' are matched.

12-05-2026T14:33:19 - [MESSAGE][PASSED] - Actual text and expected text of test object 'Object Repository/OrangeHRM/Page_OrangeHRM/h5_Leave List' are matched.

12-05-2026T14:33:19 - [TEST_STEP][PASSED] - click(findTestObject("OrangeHRM/Page_OrangeHRM/span_Time")): Object: 'Object Repository/OrangeHRM/Page_OrangeHRM/span_Time' is clicked on

12-05-2026T14:33:20 - [MESSAGE][PASSED] - Object: 'Object Repository/OrangeHRM/Page_OrangeHRM/span_Time' is clicked on

12-05-2026T14:33:20 - [TEST_STEP][PASSED] - waitForElementPresent(findTestObject("OrangeHRM/Page_OrangeHRM/h6_Select Employee"), 10): Object 'Object Repository/OrangeHRM/Page_OrangeHRM/h6_Select Employee' is present

12-05-2026T14:33:21 - [MESSAGE][PASSED] - Object 'Object Repository/OrangeHRM/Page_OrangeHRM/h6_Select Employee' is present

12-05-2026T14:33:21 - [TEST_STEP][PASSED] - verifyElementText(findTestObject("OrangeHRM/Page_OrangeHRM/h6_Select Employee"), "Select Employee"): Actual text and expected text of test object 'Object Repository/OrangeHRM/Page_OrangeHRM/h6_Select Employee' are matched.

12-05-2026T14:33:22 - [MESSAGE][PASSED] - Actual text and expected text of test object 'Object Repository/OrangeHRM/Page_OrangeHRM/h6_Select Employee' are matched.

12-05-2026T14:33:22 - [TEST_STEP][PASSED] - click(findTestObject("OrangeHRM/Page_OrangeHRM/span_My Info")): Object: 'Object Repository/OrangeHRM/Page_OrangeHRM/span_My Info' is clicked on

12-05-2026T14:33:23 - [MESSAGE][PASSED] - Object: 'Object Repository/OrangeHRM/Page_OrangeHRM/span_My Info' is clicked on

12-05-2026T14:33:23 - [TEST_STEP][PASSED] - waitForElementPresent(findTestObject("OrangeHRM/Page_OrangeHRM/h6_Personal Details"), 10): Object 'Object Repository/OrangeHRM/Page_OrangeHRM/h6_Personal Details' is present

12-05-2026T14:33:26 - [MESSAGE][PASSED] - Object 'Object Repository/OrangeHRM/Page_OrangeHRM/h6_Personal Details' is present

12-05-2026T14:33:26 - [TEST_STEP][PASSED] - verifyElementText(findTestObject("OrangeHRM/Page_OrangeHRM/h6_Personal Details"), "Personal Details"): Actual text and expected text of test object 'Object Repository/OrangeHRM/Page_OrangeHRM/h6_Personal Details' are matched.

12-05-2026T14:33:26 - [MESSAGE][PASSED] - Actual text and expected text of test object 'Object Repository/OrangeHRM/Page_OrangeHRM/h6_Personal Details' are matched.

12-05-2026T14:33:26 - [TEST_STEP][PASSED] - click(findTestObject("OrangeHRM/Page_OrangeHRM/span_Maintenance")): Object: 'Object Repository/OrangeHRM/Page_OrangeHRM/span_Maintenance' is clicked on

12-05-2026T14:33:27 - [MESSAGE][PASSED] - Object: 'Object Repository/OrangeHRM/Page_OrangeHRM/span_Maintenance' is clicked on

12-05-2026T14:33:27 - [TEST_STEP][PASSED] - waitForElementPresent(findTestObject("OrangeHRM/Page_OrangeHRM/h6_Administrator Access"), 10): Object 'Object Repository/OrangeHRM/Page_OrangeHRM/h6_Administrator Access' is present

12-05-2026T14:33:28 - [MESSAGE][PASSED] - Object 'Object Repository/OrangeHRM/Page_OrangeHRM/h6_Administrator Access' is present

12-05-2026T14:33:28 - [TEST_STEP][PASSED] - verifyElementText(findTestObject("OrangeHRM/Page_OrangeHRM/h6_Administrator Access"), "Administrator Access"): Actual text and expected text of test object 'Object Repository/OrangeHRM/Page_OrangeHRM/h6_Administrator Access' are matched.

12-05-2026T14:33:28 - [MESSAGE][PASSED] - Actual text and expected text of test object 'Object Repository/OrangeHRM/Page_OrangeHRM/h6_Administrator Access' are matched.

12-05-2026T14:33:28 - [TEST_STEP][PASSED] - closeBrowser(STOP_ON_FAILURE): Browser is closed

12-05-2026T14:33:28 - [MESSAGE][PASSED] - Browser is closed]]></system-out>
         <system-err><![CDATA[]]></system-err>
      </testcase>
      <system-out><![CDATA[12-05-2026T14:32:27 - [TEST_SUITE][PASSED] - TS001_DataDrivenTest: null]]></system-out>
      <system-err><![CDATA[]]></system-err>
   </testsuite>
</testsuites>
